INFO  20150824 08:38:12,073 [13] 10316ms Global          BackgroundRunning  - 1 Loop to do task [79] 
INFO  20150824 08:38:12,233 [13] 10476ms Global          CheckAliveVideo    - 2 CheckVideo [117] 
INFO  20150824 08:38:17,553 [13] 15796ms T_VideoServices heckAliveVideoTask - 3. Check video r3D1grpaBRM [385] 
INFO  20150824 08:38:20,576 [13] 18820ms T_VideoServices heckAliveVideoTask - 3. Check video rfdGuLwDhvM [385] 
INFO  20150824 08:38:21,241 [13] 19484ms T_VideoServices heckAliveVideoTask - 3. Check video 20k1NXzf4SQ [385] 
INFO  20150824 08:38:22,553 [13] 20796ms T_VideoServices heckAliveVideoTask - 3. Check video 3eIuAsdlJIo [385] 
INFO  20150824 08:38:24,425 [13] 22668ms T_VideoServices heckAliveVideoTask - 3. Check video xE_cqbciq1g [385] 
INFO  20150824 08:58:36,379 [43]  8918ms Global          BackgroundRunning  - 1 Loop to do task [79] 
INFO  20150824 08:58:36,572 [43]  9111ms Global          CheckAliveVideo    - 2 CheckVideo [117] 
INFO  20150824 08:58:36,909 [43]  9448ms T_VideoServices heckAliveVideoTask - 3. Check video xE_cqbciq1g [385] 
INFO  20150824 08:58:38,672 [43] 11211ms T_VideoServices heckAliveVideoTask - 3. Check video 3eIuAsdlJIo [385] 
INFO  20150824 08:58:38,911 [43] 11450ms T_VideoServices heckAliveVideoTask - 3. Check video 20k1NXzf4SQ [385] 
INFO  20150824 08:58:39,128 [43] 11667ms T_VideoServices heckAliveVideoTask - 3. Check video rfdGuLwDhvM [385] 
INFO  20150824 08:58:39,441 [43] 11980ms T_VideoServices heckAliveVideoTask - 3. Check video r3D1grpaBRM [385] 
INFO  20150824 08:59:29,855 [49] 16477ms Global          BackgroundRunning  - 1 Loop to do task [78] 
INFO  20150824 08:59:29,940 [49] 16562ms Global          CheckAliveVideo    - 2 CheckVideo [116] 
INFO  20150824 08:59:30,159 [49] 16781ms T_VideoServices heckAliveVideoTask - 3. Check video r3D1grpaBRM [385] 
INFO  20150824 08:59:30,700 [49] 17322ms T_VideoServices heckAliveVideoTask - 3. Check video rfdGuLwDhvM [385] 
INFO  20150824 08:59:30,902 [49] 17525ms T_VideoServices heckAliveVideoTask - 3. Check video 20k1NXzf4SQ [385] 
INFO  20150824 08:59:31,108 [49] 17731ms T_VideoServices heckAliveVideoTask - 3. Check video 3eIuAsdlJIo [385] 
INFO  20150824 08:59:31,313 [49] 17936ms T_VideoServices heckAliveVideoTask - 3. Check video xE_cqbciq1g [385] 
INFO  20150824 09:09:31,523 [49] 618145ms Global          BackgroundRunning  - 1 Loop to do task [78] 
INFO  20150824 09:09:31,524 [49] 618146ms Global          CheckAliveVideo    - 2 CheckVideo [116] 
INFO  20150824 09:09:31,592 [49] 618214ms T_VideoServices heckAliveVideoTask - 3. Check video xE_cqbciq1g [385] 
INFO  20150824 09:09:31,872 [49] 618494ms T_VideoServices heckAliveVideoTask - 3. Check video 3eIuAsdlJIo [385] 
INFO  20150824 09:09:32,462 [49] 619084ms T_VideoServices heckAliveVideoTask - 3. Check video 20k1NXzf4SQ [385] 
INFO  20150824 09:09:32,686 [49] 619308ms T_VideoServices heckAliveVideoTask - 3. Check video rfdGuLwDhvM [385] 
INFO  20150824 09:09:32,944 [49] 619566ms T_VideoServices heckAliveVideoTask - 3. Check video r3D1grpaBRM [385] 
INFO  20150824 09:11:28,756 [5]  4426ms Global          BackgroundRunning  - 1 Loop to do task [78] 
INFO  20150824 09:11:28,776 [5]  4446ms Global          CheckAliveVideo    - 2 CheckVideo [116] 
INFO  20150824 09:11:28,999 [5]  4669ms T_VideoServices heckAliveVideoTask - 3. Check video r3D1grpaBRM [385] 
INFO  20150824 09:11:29,542 [5]  5212ms T_VideoServices heckAliveVideoTask - 3. Check video rfdGuLwDhvM [385] 
INFO  20150824 09:11:29,749 [5]  5419ms T_VideoServices heckAliveVideoTask - 3. Check video 20k1NXzf4SQ [385] 
INFO  20150824 09:11:29,962 [5]  5632ms T_VideoServices heckAliveVideoTask - 3. Check video 3eIuAsdlJIo [385] 
INFO  20150824 09:11:30,171 [5]  5841ms T_VideoServices heckAliveVideoTask - 3. Check video xE_cqbciq1g [385] 
INFO  20150824 09:13:19,854 [9]  8493ms Global          BackgroundRunning  - 1 Loop to do task [78] 
INFO  20150824 09:13:19,894 [9]  8533ms Global          CheckAliveVideo    - 2 CheckVideo [116] 
INFO  20150824 09:13:20,206 [9]  8845ms T_VideoServices heckAliveVideoTask - 3. Check video xE_cqbciq1g [385] 
INFO  20150824 09:13:20,707 [9]  9346ms T_VideoServices heckAliveVideoTask - 3. Check video 3eIuAsdlJIo [385] 
INFO  20150824 09:13:20,909 [9]  9548ms T_VideoServices heckAliveVideoTask - 3. Check video 20k1NXzf4SQ [385] 
INFO  20150824 09:13:21,141 [9]  9780ms T_VideoServices heckAliveVideoTask - 3. Check video rfdGuLwDhvM [385] 
INFO  20150824 09:13:21,350 [9]  9989ms T_VideoServices heckAliveVideoTask - 3. Check video r3D1grpaBRM [385] 
INFO  20150824 09:17:03,909 [31]  8824ms Global          BackgroundRunning  - 1 Loop to do task [78] 
INFO  20150824 09:17:03,965 [31]  8880ms Global          CheckAliveVideo    - 2 CheckVideo [116] 
INFO  20150824 09:17:04,875 [31]  9790ms T_VideoServices heckAliveVideoTask - 3. Check video r3D1grpaBRM [385] 
INFO  20150824 09:17:05,678 [31] 10593ms T_VideoServices heckAliveVideoTask - 3. Check video rfdGuLwDhvM [385] 
INFO  20150824 09:17:05,909 [31] 10824ms T_VideoServices heckAliveVideoTask - 3. Check video 20k1NXzf4SQ [385] 
INFO  20150824 09:17:06,157 [31] 11071ms T_VideoServices heckAliveVideoTask - 3. Check video 3eIuAsdlJIo [385] 
INFO  20150824 09:17:06,361 [31] 11275ms T_VideoServices heckAliveVideoTask - 3. Check video xE_cqbciq1g [385] 
INFO  20150824 09:22:20,065 [6] 10626ms Global          BackgroundRunning  - 1 Loop to do task [78] 
INFO  20150824 09:22:20,175 [6] 10736ms Global          CheckAliveVideo    - 2 CheckVideo [116] 
INFO  20150824 09:22:22,395 [6] 12955ms T_VideoServices heckAliveVideoTask - 3. Check video xE_cqbciq1g [385] 
INFO  20150824 09:22:24,535 [6] 15095ms T_VideoServices heckAliveVideoTask - 3. Check video 3eIuAsdlJIo [385] 
INFO  20150824 09:22:25,859 [6] 16419ms T_VideoServices heckAliveVideoTask - 3. Check video 20k1NXzf4SQ [385] 
INFO  20150824 09:22:26,224 [6] 16784ms T_VideoServices heckAliveVideoTask - 3. Check video rfdGuLwDhvM [385] 
INFO  20150824 09:22:26,645 [6] 17205ms T_VideoServices heckAliveVideoTask - 3. Check video r3D1grpaBRM [385] 
INFO  20150824 09:32:28,187 [6] 618748ms Global          BackgroundRunning  - 1 Loop to do task [78] 
INFO  20150824 09:32:28,217 [6] 618778ms Global          CheckAliveVideo    - 2 CheckVideo [116] 
INFO  20150824 09:32:28,296 [6] 618857ms T_VideoServices heckAliveVideoTask - 3. Check video r3D1grpaBRM [385] 
INFO  20150824 09:32:28,609 [6] 619170ms T_VideoServices heckAliveVideoTask - 3. Check video rfdGuLwDhvM [385] 
INFO  20150824 09:32:28,827 [6] 619388ms T_VideoServices heckAliveVideoTask - 3. Check video 20k1NXzf4SQ [385] 
INFO  20150824 09:32:29,069 [6] 619630ms T_VideoServices heckAliveVideoTask - 3. Check video 3eIuAsdlJIo [385] 
INFO  20150824 09:32:29,278 [6] 619839ms T_VideoServices heckAliveVideoTask - 3. Check video xE_cqbciq1g [385] 
INFO  20150824 09:39:46,331 [13] 21996ms Global          BackgroundRunning  - 1 Loop to do task [78] 
INFO  20150824 09:39:46,502 [13] 22167ms Global          CheckAliveVideo    - 2 CheckVideo [116] 
INFO  20150824 09:39:47,976 [13] 23641ms T_VideoServices heckAliveVideoTask - 3. Check video xE_cqbciq1g [385] 
INFO  20150824 09:39:50,944 [13] 26608ms T_VideoServices heckAliveVideoTask - 3. Check video 3eIuAsdlJIo [385] 
INFO  20150824 09:39:53,500 [13] 29164ms T_VideoServices heckAliveVideoTask - 3. Check video 20k1NXzf4SQ [385] 
INFO  20150824 09:39:54,903 [13] 30567ms T_VideoServices heckAliveVideoTask - 3. Check video rfdGuLwDhvM [385] 
INFO  20150824 09:39:56,818 [13] 32482ms T_VideoServices heckAliveVideoTask - 3. Check video r3D1grpaBRM [385] 
INFO  20150824 09:49:57,980 [13] 633645ms Global          BackgroundRunning  - 1 Loop to do task [78] 
INFO  20150824 09:49:57,980 [13] 633645ms Global          CheckAliveVideo    - 2 CheckVideo [116] 
INFO  20150824 09:49:58,046 [13] 633711ms T_VideoServices heckAliveVideoTask - 3. Check video r3D1grpaBRM [385] 
INFO  20150824 09:49:58,399 [13] 634064ms T_VideoServices heckAliveVideoTask - 3. Check video rfdGuLwDhvM [385] 
INFO  20150824 09:49:58,609 [13] 634274ms T_VideoServices heckAliveVideoTask - 3. Check video 20k1NXzf4SQ [385] 
INFO  20150824 09:49:58,816 [13] 634481ms T_VideoServices heckAliveVideoTask - 3. Check video 3eIuAsdlJIo [385] 
INFO  20150824 09:49:59,027 [13] 634692ms T_VideoServices heckAliveVideoTask - 3. Check video xE_cqbciq1g [385] 
INFO  20150824 09:59:59,235 [13] 1234899ms Global          BackgroundRunning  - 1 Loop to do task [78] 
INFO  20150824 09:59:59,235 [13] 1234899ms Global          CheckAliveVideo    - 2 CheckVideo [116] 
INFO  20150824 09:59:59,309 [13] 1234973ms T_VideoServices heckAliveVideoTask - 3. Check video xE_cqbciq1g [385] 
INFO  20150824 09:59:59,533 [13] 1235197ms T_VideoServices heckAliveVideoTask - 3. Check video 3eIuAsdlJIo [385] 
INFO  20150824 09:59:59,800 [13] 1235464ms T_VideoServices heckAliveVideoTask - 3. Check video 20k1NXzf4SQ [385] 
INFO  20150824 09:59:59,998 [13] 1235662ms T_VideoServices heckAliveVideoTask - 3. Check video rfdGuLwDhvM [385] 
INFO  20150824 10:00:00,201 [13] 1235865ms T_VideoServices heckAliveVideoTask - 3. Check video r3D1grpaBRM [385] 
INFO  20150824 10:14:14,923 [39]  4636ms Global          BackgroundRunning  - 1 Loop to do task [78] 
INFO  20150824 10:14:14,982 [39]  4695ms Global          CheckAliveVideo    - 2 CheckVideo [116] 
INFO  20150824 10:14:15,246 [39]  4959ms T_VideoServices heckAliveVideoTask - 3. Check video r3D1grpaBRM [385] 
INFO  20150824 10:14:15,802 [39]  5515ms T_VideoServices heckAliveVideoTask - 3. Check video rfdGuLwDhvM [385] 
INFO  20150824 10:14:16,012 [39]  5725ms T_VideoServices heckAliveVideoTask - 3. Check video 20k1NXzf4SQ [385] 
INFO  20150824 10:14:16,228 [39]  5941ms T_VideoServices heckAliveVideoTask - 3. Check video 3eIuAsdlJIo [385] 
INFO  20150824 10:14:16,437 [39]  6150ms T_VideoServices heckAliveVideoTask - 3. Check video xE_cqbciq1g [385] 
INFO  20150824 10:24:16,655 [39] 606368ms Global          BackgroundRunning  - 1 Loop to do task [78] 
INFO  20150824 10:24:16,655 [39] 606368ms Global          CheckAliveVideo    - 2 CheckVideo [116] 
INFO  20150824 10:24:21,275 [39] 610988ms T_VideoServices heckAliveVideoTask - 3. Check video xE_cqbciq1g [385] 
INFO  20150824 10:24:23,011 [39] 612725ms T_VideoServices heckAliveVideoTask - 3. Check video 3eIuAsdlJIo [385] 
INFO  20150824 10:24:23,325 [39] 613039ms T_VideoServices heckAliveVideoTask - 3. Check video 20k1NXzf4SQ [385] 
INFO  20150824 10:24:23,570 [39] 613284ms T_VideoServices heckAliveVideoTask - 3. Check video rfdGuLwDhvM [385] 
INFO  20150824 10:24:23,820 [39] 613534ms T_VideoServices heckAliveVideoTask - 3. Check video r3D1grpaBRM [385] 
INFO  20150824 10:25:02,930 [26]  8663ms Global          BackgroundRunning  - 1 Loop to do task [78] 
INFO  20150824 10:25:03,021 [26]  8754ms Global          CheckAliveVideo    - 2 CheckVideo [116] 
INFO  20150824 10:25:04,115 [26]  9848ms T_VideoServices heckAliveVideoTask - 3. Check video r3D1grpaBRM [385] 
INFO  20150824 10:25:05,204 [26] 10937ms T_VideoServices heckAliveVideoTask - 3. Check video rfdGuLwDhvM [385] 
INFO  20150824 10:25:05,427 [26] 11160ms T_VideoServices heckAliveVideoTask - 3. Check video 20k1NXzf4SQ [385] 
INFO  20150824 10:25:05,656 [26] 11389ms T_VideoServices heckAliveVideoTask - 3. Check video 3eIuAsdlJIo [385] 
INFO  20150824 10:25:06,005 [26] 11738ms T_VideoServices heckAliveVideoTask - 3. Check video xE_cqbciq1g [385] 
INFO  20150824 10:36:18,278 [37]  4724ms Global          BackgroundRunning  - 1 Loop to do task [78] 
INFO  20150824 10:36:18,293 [37]  4739ms Global          CheckAliveVideo    - 2 CheckVideo [116] 
INFO  20150824 10:36:18,680 [37]  5126ms T_VideoServices heckAliveVideoTask - 3. Check video xE_cqbciq1g [385] 
INFO  20150824 10:36:19,568 [37]  6014ms T_VideoServices heckAliveVideoTask - 3. Check video 3eIuAsdlJIo [385] 
INFO  20150824 10:36:19,890 [37]  6336ms T_VideoServices heckAliveVideoTask - 3. Check video 20k1NXzf4SQ [385] 
INFO  20150824 10:36:20,163 [37]  6609ms T_VideoServices heckAliveVideoTask - 3. Check video rfdGuLwDhvM [385] 
INFO  20150824 10:36:20,454 [37]  6900ms T_VideoServices heckAliveVideoTask - 3. Check video r3D1grpaBRM [385] 
INFO  20150824 10:46:50,484 [24]  2278ms Global          BackgroundRunning  - 1 Loop to do task [78] 
INFO  20150824 10:46:50,545 [24]  2339ms Global          CheckAliveVideo    - 2 CheckVideo [116] 
INFO  20150824 10:46:51,259 [24]  3052ms T_VideoServices heckAliveVideoTask - 3. Check video r3D1grpaBRM [385] 
INFO  20150824 10:46:51,990 [24]  3783ms T_VideoServices heckAliveVideoTask - 3. Check video rfdGuLwDhvM [385] 
INFO  20150824 10:46:52,228 [24]  4021ms T_VideoServices heckAliveVideoTask - 3. Check video 20k1NXzf4SQ [385] 
INFO  20150824 10:46:52,462 [24]  4255ms T_VideoServices heckAliveVideoTask - 3. Check video 3eIuAsdlJIo [385] 
INFO  20150824 10:46:52,792 [24]  4585ms T_VideoServices heckAliveVideoTask - 3. Check video xE_cqbciq1g [385] 
INFO  20150824 10:55:13,548 [37]  6971ms Global          BackgroundRunning  - 1 Loop to do task [78] 
INFO  20150824 10:55:13,696 [37]  7119ms Global          CheckAliveVideo    - 2 CheckVideo [116] 
INFO  20150824 10:55:14,285 [37]  7708ms T_VideoServices heckAliveVideoTask - 3. Check video xE_cqbciq1g [385] 
INFO  20150824 10:55:14,948 [37]  8371ms T_VideoServices heckAliveVideoTask - 3. Check video 3eIuAsdlJIo [385] 
INFO  20150824 10:55:15,158 [37]  8581ms T_VideoServices heckAliveVideoTask - 3. Check video 20k1NXzf4SQ [385] 
INFO  20150824 10:55:15,363 [37]  8786ms T_VideoServices heckAliveVideoTask - 3. Check video rfdGuLwDhvM [385] 
INFO  20150824 10:55:15,616 [37]  9039ms T_VideoServices heckAliveVideoTask - 3. Check video r3D1grpaBRM [385] 
INFO  20150824 10:55:18,418 [10] 13583ms Global          BackgroundRunning  - 1 Loop to do task [78] 
INFO  20150824 10:55:18,443 [10] 13608ms Global          CheckAliveVideo    - 2 CheckVideo [116] 
INFO  20150824 10:55:19,183 [10] 14348ms T_VideoServices heckAliveVideoTask - 3. Check video r3D1grpaBRM [385] 
INFO  20150824 10:55:21,494 [10] 16659ms T_VideoServices heckAliveVideoTask - 3. Check video rfdGuLwDhvM [385] 
INFO  20150824 10:55:21,716 [10] 16881ms T_VideoServices heckAliveVideoTask - 3. Check video 20k1NXzf4SQ [385] 
INFO  20150824 10:55:21,940 [10] 17105ms T_VideoServices heckAliveVideoTask - 3. Check video 3eIuAsdlJIo [385] 
INFO  20150824 10:55:22,311 [10] 17476ms T_VideoServices heckAliveVideoTask - 3. Check video xE_cqbciq1g [385] 
INFO  20150824 10:55:38,909 [16] 15096ms Global          BackgroundRunning  - 1 Loop to do task [78] 
INFO  20150824 10:55:38,954 [16] 15141ms Global          CheckAliveVideo    - 2 CheckVideo [116] 
INFO  20150824 10:55:40,082 [16] 16269ms T_VideoServices heckAliveVideoTask - 3. Check video xE_cqbciq1g [385] 
INFO  20150824 10:55:42,664 [16] 18852ms T_VideoServices heckAliveVideoTask - 3. Check video 3eIuAsdlJIo [385] 
INFO  20150824 10:55:42,983 [16] 19171ms T_VideoServices heckAliveVideoTask - 3. Check video 20k1NXzf4SQ [385] 
INFO  20150824 10:55:43,264 [16] 19452ms T_VideoServices heckAliveVideoTask - 3. Check video rfdGuLwDhvM [385] 
INFO  20150824 10:55:43,603 [16] 19791ms T_VideoServices heckAliveVideoTask - 3. Check video r3D1grpaBRM [385] 
INFO  20150824 11:01:05,050 [10] 12484ms Global          BackgroundRunning  - 1 Loop to do task [78] 
INFO  20150824 11:01:05,111 [10] 12545ms Global          CheckAliveVideo    - 2 CheckVideo [116] 
INFO  20150824 11:01:05,753 [10] 13187ms T_VideoServices heckAliveVideoTask - 3. Check video r3D1grpaBRM [385] 
INFO  20150824 11:01:07,736 [10] 15169ms T_VideoServices heckAliveVideoTask - 3. Check video rfdGuLwDhvM [385] 
INFO  20150824 11:01:07,962 [10] 15395ms T_VideoServices heckAliveVideoTask - 3. Check video 20k1NXzf4SQ [385] 
INFO  20150824 11:01:08,692 [10] 16125ms T_VideoServices heckAliveVideoTask - 3. Check video 3eIuAsdlJIo [385] 
INFO  20150824 11:01:09,038 [10] 16471ms T_VideoServices heckAliveVideoTask - 3. Check video xE_cqbciq1g [385] 
INFO  20150824 11:12:24,769 [51]  6258ms Global          BackgroundRunning  - 1 Loop to do task [78] 
INFO  20150824 11:12:24,952 [51]  6441ms Global          CheckAliveVideo    - 2 CheckVideo [116] 
INFO  20150824 11:12:25,189 [51]  6678ms T_VideoServices heckAliveVideoTask - 3. Check video xE_cqbciq1g [385] 
INFO  20150824 11:12:25,821 [51]  7310ms T_VideoServices heckAliveVideoTask - 3. Check video 3eIuAsdlJIo [385] 
INFO  20150824 11:12:26,070 [51]  7559ms T_VideoServices heckAliveVideoTask - 3. Check video 20k1NXzf4SQ [385] 
INFO  20150824 11:12:26,279 [51]  7768ms T_VideoServices heckAliveVideoTask - 3. Check video rfdGuLwDhvM [385] 
INFO  20150824 11:12:26,494 [51]  7983ms T_VideoServices heckAliveVideoTask - 3. Check video r3D1grpaBRM [385] 
INFO  20150824 11:22:26,740 [51] 608228ms Global          BackgroundRunning  - 1 Loop to do task [78] 
INFO  20150824 11:22:26,742 [51] 608230ms Global          CheckAliveVideo    - 2 CheckVideo [116] 
INFO  20150824 11:22:26,802 [51] 608290ms T_VideoServices heckAliveVideoTask - 3. Check video r3D1grpaBRM [385] 
INFO  20150824 11:22:27,131 [51] 608619ms T_VideoServices heckAliveVideoTask - 3. Check video rfdGuLwDhvM [385] 
INFO  20150824 11:22:27,341 [51] 608829ms T_VideoServices heckAliveVideoTask - 3. Check video 20k1NXzf4SQ [385] 
INFO  20150824 11:22:27,571 [51] 609059ms T_VideoServices heckAliveVideoTask - 3. Check video 3eIuAsdlJIo [385] 
INFO  20150824 11:22:27,783 [51] 609271ms T_VideoServices heckAliveVideoTask - 3. Check video xE_cqbciq1g [385] 
INFO  20150824 11:32:28,000 [51] 1209489ms Global          BackgroundRunning  - 1 Loop to do task [78] 
INFO  20150824 11:32:28,000 [51] 1209489ms Global          CheckAliveVideo    - 2 CheckVideo [116] 
INFO  20150824 11:32:28,066 [51] 1209555ms T_VideoServices heckAliveVideoTask - 3. Check video xE_cqbciq1g [385] 
INFO  20150824 11:32:28,364 [51] 1209853ms T_VideoServices heckAliveVideoTask - 3. Check video 3eIuAsdlJIo [385] 
INFO  20150824 11:32:28,578 [51] 1210067ms T_VideoServices heckAliveVideoTask - 3. Check video 20k1NXzf4SQ [385] 
INFO  20150824 11:32:28,812 [51] 1210301ms T_VideoServices heckAliveVideoTask - 3. Check video rfdGuLwDhvM [385] 
INFO  20150824 11:32:29,020 [51] 1210509ms T_VideoServices heckAliveVideoTask - 3. Check video r3D1grpaBRM [385] 
INFO  20150824 13:23:24,818 [10]  3947ms Global          BackgroundRunning  - 1 Loop to do task [78] 
INFO  20150824 13:23:25,011 [10]  4140ms Global          CheckAliveVideo    - 2 CheckVideo [116] 
INFO  20150824 13:23:25,254 [10]  4383ms T_VideoServices heckAliveVideoTask - 3. Check video r3D1grpaBRM [385] 
INFO  20150824 13:23:26,273 [10]  5402ms T_VideoServices heckAliveVideoTask - 3. Check video rfdGuLwDhvM [385] 
INFO  20150824 13:23:26,483 [10]  5612ms T_VideoServices heckAliveVideoTask - 3. Check video 20k1NXzf4SQ [385] 
INFO  20150824 13:23:26,735 [10]  5864ms T_VideoServices heckAliveVideoTask - 3. Check video 3eIuAsdlJIo [385] 
INFO  20150824 13:23:26,938 [10]  6067ms T_VideoServices heckAliveVideoTask - 3. Check video xE_cqbciq1g [385] 
INFO  20150824 13:31:22,786 [30] 12964ms Global          BackgroundRunning  - 1 Loop to do task [78] 
INFO  20150824 13:31:22,847 [30] 13025ms Global          CheckAliveVideo    - 2 CheckVideo [116] 
INFO  20150824 13:31:23,065 [30] 13243ms T_VideoServices heckAliveVideoTask - 3. Check video xE_cqbciq1g [385] 
INFO  20150824 13:31:23,644 [30] 13822ms T_VideoServices heckAliveVideoTask - 3. Check video 3eIuAsdlJIo [385] 
INFO  20150824 13:31:23,859 [30] 14037ms T_VideoServices heckAliveVideoTask - 3. Check video 20k1NXzf4SQ [385] 
INFO  20150824 13:31:24,061 [30] 14239ms T_VideoServices heckAliveVideoTask - 3. Check video rfdGuLwDhvM [385] 
INFO  20150824 13:31:24,271 [30] 14449ms T_VideoServices heckAliveVideoTask - 3. Check video r3D1grpaBRM [385] 
INFO  20150824 13:34:32,062 [34]  9908ms Global          BackgroundRunning  - 1 Loop to do task [78] 
INFO  20150824 13:34:32,117 [34]  9963ms Global          CheckAliveVideo    - 2 CheckVideo [116] 
INFO  20150824 13:34:33,617 [34] 11463ms T_VideoServices heckAliveVideoTask - 3. Check video r3D1grpaBRM [385] 
INFO  20150824 13:34:34,481 [34] 12327ms T_VideoServices heckAliveVideoTask - 3. Check video rfdGuLwDhvM [385] 
INFO  20150824 13:34:34,697 [34] 12543ms T_VideoServices heckAliveVideoTask - 3. Check video 20k1NXzf4SQ [385] 
INFO  20150824 13:34:34,899 [34] 12745ms T_VideoServices heckAliveVideoTask - 3. Check video 3eIuAsdlJIo [385] 
INFO  20150824 13:34:35,165 [34] 13011ms T_VideoServices heckAliveVideoTask - 3. Check video xE_cqbciq1g [385] 
INFO  20150824 13:44:35,378 [34] 613225ms Global          BackgroundRunning  - 1 Loop to do task [78] 
INFO  20150824 13:44:35,404 [34] 613251ms Global          CheckAliveVideo    - 2 CheckVideo [116] 
INFO  20150824 13:44:35,616 [34] 613463ms T_VideoServices heckAliveVideoTask - 3. Check video xE_cqbciq1g [385] 
INFO  20150824 13:44:36,261 [34] 614107ms T_VideoServices heckAliveVideoTask - 3. Check video 3eIuAsdlJIo [385] 
INFO  20150824 13:44:36,483 [34] 614329ms T_VideoServices heckAliveVideoTask - 3. Check video 20k1NXzf4SQ [385] 
INFO  20150824 13:44:36,752 [34] 614598ms T_VideoServices heckAliveVideoTask - 3. Check video rfdGuLwDhvM [385] 
INFO  20150824 13:44:37,002 [34] 614848ms T_VideoServices heckAliveVideoTask - 3. Check video r3D1grpaBRM [385] 
INFO  20150824 13:54:37,207 [34] 1215053ms Global          BackgroundRunning  - 1 Loop to do task [78] 
INFO  20150824 13:54:37,232 [34] 1215078ms Global          CheckAliveVideo    - 2 CheckVideo [116] 
INFO  20150824 13:54:37,275 [34] 1215121ms T_VideoServices heckAliveVideoTask - 3. Check video r3D1grpaBRM [385] 
INFO  20150824 13:54:37,564 [34] 1215410ms T_VideoServices heckAliveVideoTask - 3. Check video rfdGuLwDhvM [385] 
INFO  20150824 13:54:37,818 [34] 1215664ms T_VideoServices heckAliveVideoTask - 3. Check video 20k1NXzf4SQ [385] 
INFO  20150824 13:54:38,030 [34] 1215876ms T_VideoServices heckAliveVideoTask - 3. Check video 3eIuAsdlJIo [385] 
INFO  20150824 13:54:38,330 [34] 1216176ms T_VideoServices heckAliveVideoTask - 3. Check video xE_cqbciq1g [385] 
INFO  20150824 14:04:38,583 [34] 1816429ms Global          BackgroundRunning  - 1 Loop to do task [78] 
INFO  20150824 14:04:38,626 [34] 1816472ms Global          CheckAliveVideo    - 2 CheckVideo [116] 
INFO  20150824 14:04:43,940 [34] 1821786ms T_VideoServices heckAliveVideoTask - 3. Check video xE_cqbciq1g [385] 
INFO  20150824 14:04:45,407 [34] 1823253ms T_VideoServices heckAliveVideoTask - 3. Check video 3eIuAsdlJIo [385] 
INFO  20150824 14:04:45,867 [34] 1823713ms T_VideoServices heckAliveVideoTask - 3. Check video 20k1NXzf4SQ [385] 
INFO  20150824 14:04:46,141 [34] 1823987ms T_VideoServices heckAliveVideoTask - 3. Check video rfdGuLwDhvM [385] 
INFO  20150824 14:04:46,351 [34] 1824197ms T_VideoServices heckAliveVideoTask - 3. Check video r3D1grpaBRM [385] 
INFO  20150824 14:15:32,596 [49] 27776ms Global          BackgroundRunning  - 1 Loop to do task [78] 
INFO  20150824 14:15:32,803 [49] 27983ms Global          CheckAliveVideo    - 2 CheckVideo [116] 
INFO  20150824 14:15:33,692 [49] 28872ms T_VideoServices heckAliveVideoTask - 3. Check video r3D1grpaBRM [385] 
INFO  20150824 14:15:35,395 [49] 30575ms T_VideoServices heckAliveVideoTask - 3. Check video rfdGuLwDhvM [385] 
INFO  20150824 14:15:35,597 [49] 30777ms T_VideoServices heckAliveVideoTask - 3. Check video 20k1NXzf4SQ [385] 
INFO  20150824 14:15:35,812 [49] 30992ms T_VideoServices heckAliveVideoTask - 3. Check video 3eIuAsdlJIo [385] 
INFO  20150824 14:15:36,328 [49] 31508ms T_VideoServices heckAliveVideoTask - 3. Check video xE_cqbciq1g [385] 
INFO  20150824 14:24:20,851 [8]  3292ms Global          BackgroundRunning  - 1 Loop to do task [78] 
INFO  20150824 14:24:20,875 [8]  3316ms Global          CheckAliveVideo    - 2 CheckVideo [116] 
INFO  20150824 14:24:21,149 [8]  3590ms T_VideoServices heckAliveVideoTask - 3. Check video xE_cqbciq1g [385] 
INFO  20150824 14:24:21,746 [8]  4187ms T_VideoServices heckAliveVideoTask - 3. Check video 3eIuAsdlJIo [385] 
INFO  20150824 14:24:22,017 [8]  4458ms T_VideoServices heckAliveVideoTask - 3. Check video 20k1NXzf4SQ [385] 
INFO  20150824 14:24:22,235 [8]  4676ms T_VideoServices heckAliveVideoTask - 3. Check video rfdGuLwDhvM [385] 
INFO  20150824 14:24:22,445 [8]  4886ms T_VideoServices heckAliveVideoTask - 3. Check video r3D1grpaBRM [385] 
INFO  20150824 14:25:04,575 [28]  2497ms Global          BackgroundRunning  - 1 Loop to do task [78] 
INFO  20150824 14:25:04,592 [28]  2514ms Global          CheckAliveVideo    - 2 CheckVideo [116] 
INFO  20150824 14:25:04,860 [28]  2782ms T_VideoServices heckAliveVideoTask - 3. Check video r3D1grpaBRM [385] 
INFO  20150824 14:25:05,427 [28]  3349ms T_VideoServices heckAliveVideoTask - 3. Check video rfdGuLwDhvM [385] 
INFO  20150824 14:25:05,639 [28]  3561ms T_VideoServices heckAliveVideoTask - 3. Check video 20k1NXzf4SQ [385] 
INFO  20150824 14:25:05,908 [28]  3830ms T_VideoServices heckAliveVideoTask - 3. Check video 3eIuAsdlJIo [385] 
INFO  20150824 14:25:06,140 [28]  4062ms T_VideoServices heckAliveVideoTask - 3. Check video xE_cqbciq1g [385] 
INFO  20150824 14:28:09,559 [39]  2967ms Global          BackgroundRunning  - 1 Loop to do task [78] 
INFO  20150824 14:28:09,581 [39]  2989ms Global          CheckAliveVideo    - 2 CheckVideo [116] 
INFO  20150824 14:28:09,834 [39]  3242ms T_VideoServices heckAliveVideoTask - 3. Check video xE_cqbciq1g [385] 
INFO  20150824 14:28:10,460 [39]  3868ms T_VideoServices heckAliveVideoTask - 3. Check video 3eIuAsdlJIo [385] 
INFO  20150824 14:28:10,662 [39]  4070ms T_VideoServices heckAliveVideoTask - 3. Check video 20k1NXzf4SQ [385] 
INFO  20150824 14:28:10,861 [39]  4269ms T_VideoServices heckAliveVideoTask - 3. Check video rfdGuLwDhvM [385] 
INFO  20150824 14:28:11,076 [39]  4484ms T_VideoServices heckAliveVideoTask - 3. Check video r3D1grpaBRM [385] 
INFO  20150824 14:34:38,436 [45]  8625ms Global          BackgroundRunning  - 1 Loop to do task [78] 
INFO  20150824 14:34:38,503 [45]  8692ms Global          CheckAliveVideo    - 2 CheckVideo [116] 
INFO  20150824 14:34:39,265 [45]  9454ms T_VideoServices heckAliveVideoTask - 3. Check video r3D1grpaBRM [385] 
INFO  20150824 14:34:40,319 [45] 10508ms T_VideoServices heckAliveVideoTask - 3. Check video rfdGuLwDhvM [385] 
INFO  20150824 14:34:40,530 [45] 10719ms T_VideoServices heckAliveVideoTask - 3. Check video 20k1NXzf4SQ [385] 
INFO  20150824 14:34:40,731 [45] 10920ms T_VideoServices heckAliveVideoTask - 3. Check video 3eIuAsdlJIo [385] 
INFO  20150824 14:34:40,976 [45] 11165ms T_VideoServices heckAliveVideoTask - 3. Check video xE_cqbciq1g [385] 
INFO  20150824 14:36:46,416 [10] 21463ms Global          BackgroundRunning  - 1 Loop to do task [78] 
INFO  20150824 14:36:46,667 [10] 21714ms Global          CheckAliveVideo    - 2 CheckVideo [116] 
INFO  20150824 14:36:49,095 [10] 24142ms T_VideoServices heckAliveVideoTask - 3. Check video xE_cqbciq1g [385] 
INFO  20150824 14:36:54,480 [10] 29527ms T_VideoServices heckAliveVideoTask - 3. Check video 3eIuAsdlJIo [385] 
INFO  20150824 14:36:54,946 [10] 29993ms T_VideoServices heckAliveVideoTask - 3. Check video 20k1NXzf4SQ [385] 
INFO  20150824 14:36:55,259 [10] 30306ms T_VideoServices heckAliveVideoTask - 3. Check video rfdGuLwDhvM [385] 
INFO  20150824 14:36:55,540 [10] 30587ms T_VideoServices heckAliveVideoTask - 3. Check video r3D1grpaBRM [385] 
INFO  20150824 14:44:41,194 [45] 611382ms Global          BackgroundRunning  - 1 Loop to do task [78] 
INFO  20150824 14:44:41,220 [45] 611408ms Global          CheckAliveVideo    - 2 CheckVideo [116] 
INFO  20150824 14:44:41,397 [45] 611585ms T_VideoServices heckAliveVideoTask - 3. Check video r3D1grpaBRM [385] 
INFO  20150824 14:44:41,700 [45] 611888ms T_VideoServices heckAliveVideoTask - 3. Check video rfdGuLwDhvM [385] 
INFO  20150824 14:44:41,935 [45] 612124ms T_VideoServices heckAliveVideoTask - 3. Check video 20k1NXzf4SQ [385] 
INFO  20150824 14:44:42,172 [45] 612361ms T_VideoServices heckAliveVideoTask - 3. Check video 3eIuAsdlJIo [385] 
INFO  20150824 14:44:42,418 [45] 612607ms T_VideoServices heckAliveVideoTask - 3. Check video xE_cqbciq1g [385] 
INFO  20150824 14:54:42,624 [45] 1212813ms Global          BackgroundRunning  - 1 Loop to do task [78] 
INFO  20150824 14:54:42,625 [45] 1212814ms Global          CheckAliveVideo    - 2 CheckVideo [116] 
INFO  20150824 14:54:42,786 [45] 1212975ms T_VideoServices heckAliveVideoTask - 3. Check video xE_cqbciq1g [385] 
INFO  20150824 14:54:43,082 [45] 1213271ms T_VideoServices heckAliveVideoTask - 3. Check video 3eIuAsdlJIo [385] 
INFO  20150824 14:54:43,362 [45] 1213551ms T_VideoServices heckAliveVideoTask - 3. Check video 20k1NXzf4SQ [385] 
INFO  20150824 14:54:43,586 [45] 1213775ms T_VideoServices heckAliveVideoTask - 3. Check video rfdGuLwDhvM [385] 
INFO  20150824 14:54:43,790 [45] 1213979ms T_VideoServices heckAliveVideoTask - 3. Check video r3D1grpaBRM [385] 
INFO  20150824 15:33:36,089 [6]  4786ms Global          BackgroundRunning  - 1 Loop to do task [78] 
INFO  20150824 15:33:36,443 [6]  5140ms Global          CheckAliveVideo    - 2 CheckVideo [116] 
INFO  20150824 15:33:36,873 [6]  5570ms T_VideoServices heckAliveVideoTask - 3. Check video r3D1grpaBRM [385] 
INFO  20150824 15:33:38,010 [6]  6707ms T_VideoServices heckAliveVideoTask - 3. Check video rfdGuLwDhvM [385] 
INFO  20150824 15:33:38,234 [6]  6931ms T_VideoServices heckAliveVideoTask - 3. Check video 20k1NXzf4SQ [385] 
INFO  20150824 15:33:38,491 [6]  7188ms T_VideoServices heckAliveVideoTask - 3. Check video 3eIuAsdlJIo [385] 
INFO  20150824 15:33:38,733 [6]  7430ms T_VideoServices heckAliveVideoTask - 3. Check video xE_cqbciq1g [385] 
INFO  20150824 15:41:29,879 [20] 39168ms Global          BackgroundRunning  - 1 Loop to do task [78] 
INFO  20150824 15:41:30,171 [20] 39460ms Global          CheckAliveVideo    - 2 CheckVideo [116] 
INFO  20150824 15:41:33,007 [20] 42296ms T_VideoServices heckAliveVideoTask - 3. Check video xE_cqbciq1g [385] 
INFO  20150824 15:41:35,303 [20] 44592ms T_VideoServices heckAliveVideoTask - 3. Check video 3eIuAsdlJIo [385] 
INFO  20150824 15:41:35,737 [20] 45026ms T_VideoServices heckAliveVideoTask - 3. Check video 20k1NXzf4SQ [385] 
INFO  20150824 15:41:35,952 [20] 45241ms T_VideoServices heckAliveVideoTask - 3. Check video rfdGuLwDhvM [385] 
INFO  20150824 15:41:36,179 [20] 45468ms T_VideoServices heckAliveVideoTask - 3. Check video r3D1grpaBRM [385] 
INFO  20150824 15:42:12,084 [14]  3272ms Global          BackgroundRunning  - 1 Loop to do task [78] 
INFO  20150824 15:42:12,859 [14]  4047ms Global          CheckAliveVideo    - 2 CheckVideo [116] 
INFO  20150824 15:42:14,232 [14]  5420ms T_VideoServices heckAliveVideoTask - 3. Check video r3D1grpaBRM [385] 
INFO  20150824 15:42:15,002 [14]  6190ms T_VideoServices heckAliveVideoTask - 3. Check video rfdGuLwDhvM [385] 
INFO  20150824 15:42:15,213 [14]  6401ms T_VideoServices heckAliveVideoTask - 3. Check video 20k1NXzf4SQ [385] 
INFO  20150824 15:42:15,427 [14]  6615ms T_VideoServices heckAliveVideoTask - 3. Check video 3eIuAsdlJIo [385] 
INFO  20150824 15:42:15,753 [14]  6941ms T_VideoServices heckAliveVideoTask - 3. Check video xE_cqbciq1g [385] 
