INFO  20150904 14:42:11,018 [13] 11557ms Global          BackgroundRunning  - 1 Loop to do task [78] 
INFO  20150904 14:42:11,484 [13] 12023ms Global          CheckAliveVideo    - 2 CheckVideo [116] 
INFO  20150904 14:42:12,991 [13] 13530ms T_VideoServices heckAliveVideoTask - 3. Check video r3D1grpaBRM [396] 
INFO  20150904 14:42:14,852 [13] 15390ms T_VideoServices heckAliveVideoTask - 3. Check video xE_cqbciq1g [396] 
INFO  20150904 14:42:15,156 [13] 15694ms T_VideoServices heckAliveVideoTask - 3. Check video 3eIuAsdlJIo [396] 
INFO  20150904 14:42:15,386 [13] 15924ms T_VideoServices heckAliveVideoTask - 3. Check video 20k1NXzf4SQ [396] 
INFO  20150904 14:42:15,606 [13] 16144ms T_VideoServices heckAliveVideoTask - 3. Check video rfdGuLwDhvM [396] 
INFO  20150904 14:52:15,862 [13] 616400ms Global          BackgroundRunning  - 1 Loop to do task [78] 
INFO  20150904 14:52:15,863 [13] 616401ms Global          CheckAliveVideo    - 2 CheckVideo [116] 
INFO  20150904 14:52:15,915 [13] 616453ms T_VideoServices heckAliveVideoTask - 3. Check video rfdGuLwDhvM [396] 
INFO  20150904 14:52:16,204 [13] 616742ms T_VideoServices heckAliveVideoTask - 3. Check video 20k1NXzf4SQ [396] 
INFO  20150904 14:52:16,444 [13] 616983ms T_VideoServices heckAliveVideoTask - 3. Check video 3eIuAsdlJIo [396] 
INFO  20150904 14:52:16,677 [13] 617216ms T_VideoServices heckAliveVideoTask - 3. Check video xE_cqbciq1g [396] 
INFO  20150904 14:52:16,878 [13] 617417ms T_VideoServices heckAliveVideoTask - 3. Check video r3D1grpaBRM [396] 
INFO  20150904 15:02:17,101 [13] 1217640ms Global          BackgroundRunning  - 1 Loop to do task [78] 
INFO  20150904 15:02:17,102 [13] 1217641ms Global          CheckAliveVideo    - 2 CheckVideo [116] 
INFO  20150904 15:02:17,157 [13] 1217696ms T_VideoServices heckAliveVideoTask - 3. Check video r3D1grpaBRM [396] 
INFO  20150904 15:02:17,464 [13] 1218003ms T_VideoServices heckAliveVideoTask - 3. Check video xE_cqbciq1g [396] 
INFO  20150904 15:02:17,673 [13] 1218212ms T_VideoServices heckAliveVideoTask - 3. Check video 3eIuAsdlJIo [396] 
INFO  20150904 15:02:17,898 [13] 1218437ms T_VideoServices heckAliveVideoTask - 3. Check video 20k1NXzf4SQ [396] 
INFO  20150904 15:02:18,105 [13] 1218644ms T_VideoServices heckAliveVideoTask - 3. Check video rfdGuLwDhvM [396] 
INFO  20150904 15:12:18,306 [13] 1818844ms Global          BackgroundRunning  - 1 Loop to do task [78] 
INFO  20150904 15:12:18,307 [13] 1818845ms Global          CheckAliveVideo    - 2 CheckVideo [116] 
INFO  20150904 15:12:18,506 [13] 1819044ms T_VideoServices heckAliveVideoTask - 3. Check video rfdGuLwDhvM [396] 
INFO  20150904 15:12:18,722 [13] 1819260ms T_VideoServices heckAliveVideoTask - 3. Check video 20k1NXzf4SQ [396] 
INFO  20150904 15:12:18,960 [13] 1819498ms T_VideoServices heckAliveVideoTask - 3. Check video 3eIuAsdlJIo [396] 
INFO  20150904 15:12:19,165 [13] 1819703ms T_VideoServices heckAliveVideoTask - 3. Check video xE_cqbciq1g [396] 
INFO  20150904 15:12:19,365 [13] 1819903ms T_VideoServices heckAliveVideoTask - 3. Check video r3D1grpaBRM [396] 
INFO  20150904 15:22:19,571 [13] 2420110ms Global          BackgroundRunning  - 1 Loop to do task [78] 
INFO  20150904 15:22:19,602 [13] 2420141ms Global          FeedRelatedVideo   - 2 Feed related video [109] 
INFO  20150904 15:22:19,876 [13] 2420415ms T_VideoServices edRelatedVideoTask - 3. Feed related to video Iz3GgqFXGzc [446] 
INFO  20150904 15:22:22,351 [13] 2422890ms T_VideoServices FeedRelatedVideo   - 4. Feed successful 30 video related to video Iz3GgqFXGzc [433] 
INFO  20150904 15:22:22,362 [13] 2422901ms Global          CheckAliveVideo    - 2 CheckVideo [116] 
INFO  20150904 15:22:22,422 [13] 2422961ms T_VideoServices heckAliveVideoTask - 3. Check video GNKcHrXp894 [396] 
INFO  20150904 15:22:22,623 [13] 2423162ms T_VideoServices heckAliveVideoTask - 3. Check video nZVEJeTT29U [396] 
INFO  20150904 15:22:22,823 [13] 2423362ms T_VideoServices heckAliveVideoTask - 3. Check video jDeQ_DnzjfE [396] 
INFO  20150904 15:22:23,023 [13] 2423562ms T_VideoServices heckAliveVideoTask - 3. Check video H-fI_h_pXw8 [396] 
INFO  20150904 15:22:23,219 [13] 2423758ms T_VideoServices heckAliveVideoTask - 3. Check video Fq7KAuWYhRU [396] 
INFO  20150904 15:32:23,410 [13] 3023948ms Global          BackgroundRunning  - 1 Loop to do task [78] 
INFO  20150904 15:32:23,411 [13] 3023949ms Global          CheckAliveVideo    - 2 CheckVideo [116] 
INFO  20150904 15:32:23,479 [13] 3024017ms T_VideoServices heckAliveVideoTask - 3. Check video Fq7KAuWYhRU [396] 
INFO  20150904 15:32:23,758 [13] 3024296ms T_VideoServices heckAliveVideoTask - 3. Check video H-fI_h_pXw8 [396] 
INFO  20150904 15:32:24,021 [13] 3024559ms T_VideoServices heckAliveVideoTask - 3. Check video jDeQ_DnzjfE [396] 
INFO  20150904 15:32:24,231 [13] 3024769ms T_VideoServices heckAliveVideoTask - 3. Check video nZVEJeTT29U [396] 
INFO  20150904 15:32:24,424 [13] 3024962ms T_VideoServices heckAliveVideoTask - 3. Check video GNKcHrXp894 [396] 
INFO  20150904 15:37:34,916 [79] 14332ms Global          BackgroundRunning  - 1 Loop to do task [78] 
INFO  20150904 15:37:34,993 [79] 14408ms Global          CheckAliveVideo    - 2 CheckVideo [116] 
INFO  20150904 15:37:35,287 [79] 14702ms T_VideoServices heckAliveVideoTask - 3. Check video GNKcHrXp894 [396] 
INFO  20150904 15:37:35,961 [79] 15376ms T_VideoServices heckAliveVideoTask - 3. Check video nZVEJeTT29U [396] 
INFO  20150904 15:37:36,162 [79] 15577ms T_VideoServices heckAliveVideoTask - 3. Check video jDeQ_DnzjfE [396] 
INFO  20150904 15:37:36,370 [79] 15785ms T_VideoServices heckAliveVideoTask - 3. Check video H-fI_h_pXw8 [396] 
INFO  20150904 15:37:36,572 [79] 15987ms T_VideoServices heckAliveVideoTask - 3. Check video Fq7KAuWYhRU [396] 
INFO  20150904 15:47:36,767 [79] 616183ms Global          BackgroundRunning  - 1 Loop to do task [78] 
INFO  20150904 15:47:36,767 [79] 616183ms Global          CheckAliveVideo    - 2 CheckVideo [116] 
INFO  20150904 15:47:37,696 [79] 617112ms T_VideoServices heckAliveVideoTask - 3. Check video Fq7KAuWYhRU [396] 
INFO  20150904 15:47:38,655 [79] 618071ms T_VideoServices heckAliveVideoTask - 3. Check video H-fI_h_pXw8 [396] 
INFO  20150904 15:47:38,952 [79] 618368ms T_VideoServices heckAliveVideoTask - 3. Check video jDeQ_DnzjfE [396] 
INFO  20150904 15:47:39,182 [79] 618598ms T_VideoServices heckAliveVideoTask - 3. Check video nZVEJeTT29U [396] 
INFO  20150904 15:47:39,387 [79] 618803ms T_VideoServices heckAliveVideoTask - 3. Check video GNKcHrXp894 [396] 
INFO  20150904 15:57:39,613 [79] 1219029ms Global          BackgroundRunning  - 1 Loop to do task [78] 
INFO  20150904 15:57:39,614 [79] 1219030ms Global          CheckAliveVideo    - 2 CheckVideo [116] 
INFO  20150904 15:57:39,809 [79] 1219225ms T_VideoServices heckAliveVideoTask - 3. Check video GNKcHrXp894 [396] 
INFO  20150904 15:57:40,095 [79] 1219511ms T_VideoServices heckAliveVideoTask - 3. Check video nZVEJeTT29U [396] 
INFO  20150904 15:57:40,304 [79] 1219720ms T_VideoServices heckAliveVideoTask - 3. Check video jDeQ_DnzjfE [396] 
INFO  20150904 15:57:40,524 [79] 1219940ms T_VideoServices heckAliveVideoTask - 3. Check video H-fI_h_pXw8 [396] 
INFO  20150904 15:57:40,724 [79] 1220140ms T_VideoServices heckAliveVideoTask - 3. Check video Fq7KAuWYhRU [396] 
INFO  20150904 16:07:40,922 [79] 1820338ms Global          BackgroundRunning  - 1 Loop to do task [78] 
INFO  20150904 16:07:40,923 [79] 1820339ms Global          CheckAliveVideo    - 2 CheckVideo [116] 
INFO  20150904 16:07:41,085 [79] 1820501ms T_VideoServices heckAliveVideoTask - 3. Check video Fq7KAuWYhRU [396] 
INFO  20150904 16:07:41,294 [79] 1820710ms T_VideoServices heckAliveVideoTask - 3. Check video H-fI_h_pXw8 [396] 
INFO  20150904 16:07:41,516 [79] 1820932ms T_VideoServices heckAliveVideoTask - 3. Check video jDeQ_DnzjfE [396] 
INFO  20150904 16:07:41,719 [79] 1821135ms T_VideoServices heckAliveVideoTask - 3. Check video nZVEJeTT29U [396] 
INFO  20150904 16:07:41,920 [79] 1821336ms T_VideoServices heckAliveVideoTask - 3. Check video GNKcHrXp894 [396] 
INFO  20150904 16:17:42,119 [79] 2421535ms Global          BackgroundRunning  - 1 Loop to do task [78] 
INFO  20150904 16:17:42,147 [79] 2421563ms Global          FeedRelatedVideo   - 2 Feed related video [109] 
INFO  20150904 16:17:42,879 [79] 2422295ms T_VideoServices edRelatedVideoTask - 3. Feed related to video NrVC2dvLeT0 [446] 
INFO  20150904 16:17:46,656 [79] 2426072ms T_VideoServices FeedRelatedVideo   - 4. Feed successful 27 video related to video NrVC2dvLeT0 [433] 
INFO  20150904 16:17:46,657 [79] 2426073ms Global          CheckAliveVideo    - 2 CheckVideo [116] 
INFO  20150904 16:17:46,790 [79] 2426206ms T_VideoServices heckAliveVideoTask - 3. Check video XU3PsRNNypc [396] 
INFO  20150904 16:17:47,003 [79] 2426419ms T_VideoServices heckAliveVideoTask - 3. Check video mAE79M9lCbg [396] 
INFO  20150904 16:17:47,205 [79] 2426621ms T_VideoServices heckAliveVideoTask - 3. Check video cE3LzPQgQmk [396] 
INFO  20150904 16:17:47,416 [79] 2426832ms T_VideoServices heckAliveVideoTask - 3. Check video hhFVnc_pnJ0 [396] 
INFO  20150904 16:17:47,618 [79] 2427034ms T_VideoServices heckAliveVideoTask - 3. Check video ZXn_OhvKUbI [396] 
INFO  20150904 16:27:47,828 [79] 3027244ms Global          BackgroundRunning  - 1 Loop to do task [78] 
INFO  20150904 16:27:47,829 [79] 3027245ms Global          CheckAliveVideo    - 2 CheckVideo [116] 
INFO  20150904 16:27:47,895 [79] 3027311ms T_VideoServices heckAliveVideoTask - 3. Check video ZXn_OhvKUbI [396] 
INFO  20150904 16:27:48,109 [79] 3027525ms T_VideoServices heckAliveVideoTask - 3. Check video hhFVnc_pnJ0 [396] 
INFO  20150904 16:27:48,310 [79] 3027726ms T_VideoServices heckAliveVideoTask - 3. Check video cE3LzPQgQmk [396] 
INFO  20150904 16:27:48,511 [79] 3027927ms T_VideoServices heckAliveVideoTask - 3. Check video mAE79M9lCbg [396] 
INFO  20150904 16:27:48,717 [79] 3028133ms T_VideoServices heckAliveVideoTask - 3. Check video XU3PsRNNypc [396] 
