INFO  20150819 09:49:40,381 [13]  8616ms Global          BackgroundRunning  - 1 Loop to do task [78] 
INFO  20150819 09:49:40,656 [13]  8891ms Global          CheckAliveVideo    - 2 CheckVideo [116] 
INFO  20150819 09:49:41,999 [13] 10235ms T_VideoServices heckAliveVideoTask - 3. Check video i_0jx-WkKcg [372] 
INFO  20150819 09:49:43,735 [13] 11971ms T_VideoServices heckAliveVideoTask - 3. Check video Vmr_IFA3WE8 [372] 
INFO  20150819 09:49:44,583 [13] 12819ms T_VideoServices heckAliveVideoTask - 3. Check video QWBBCO5cFVM [372] 
INFO  20150819 09:49:44,833 [13] 13069ms T_VideoServices heckAliveVideoTask - 3. Check video QwF4P6V3dK4 [372] 
INFO  20150819 09:49:45,050 [13] 13286ms T_VideoServices heckAliveVideoTask - 3. Check video hiDAdI0ppIg [372] 
INFO  20150819 09:59:45,249 [13] 613485ms Global          BackgroundRunning  - 1 Loop to do task [78] 
INFO  20150819 09:59:45,249 [13] 613485ms Global          CheckAliveVideo    - 2 CheckVideo [116] 
INFO  20150819 09:59:45,344 [13] 613580ms T_VideoServices heckAliveVideoTask - 3. Check video hiDAdI0ppIg [372] 
INFO  20150819 09:59:45,640 [13] 613876ms T_VideoServices heckAliveVideoTask - 3. Check video QwF4P6V3dK4 [372] 
INFO  20150819 09:59:45,845 [13] 614081ms T_VideoServices heckAliveVideoTask - 3. Check video QWBBCO5cFVM [372] 
INFO  20150819 09:59:46,053 [13] 614289ms T_VideoServices heckAliveVideoTask - 3. Check video Vmr_IFA3WE8 [372] 
INFO  20150819 09:59:46,257 [13] 614493ms T_VideoServices heckAliveVideoTask - 3. Check video i_0jx-WkKcg [372] 
INFO  20150819 10:09:46,467 [13] 1214702ms Global          BackgroundRunning  - 1 Loop to do task [78] 
INFO  20150819 10:09:46,467 [13] 1214702ms Global          CheckAliveVideo    - 2 CheckVideo [116] 
INFO  20150819 10:09:46,508 [13] 1214743ms T_VideoServices heckAliveVideoTask - 3. Check video i_0jx-WkKcg [372] 
INFO  20150819 10:09:46,789 [13] 1215024ms T_VideoServices heckAliveVideoTask - 3. Check video Vmr_IFA3WE8 [372] 
INFO  20150819 10:09:46,994 [13] 1215229ms T_VideoServices heckAliveVideoTask - 3. Check video QWBBCO5cFVM [372] 
INFO  20150819 10:09:47,198 [13] 1215433ms T_VideoServices heckAliveVideoTask - 3. Check video QwF4P6V3dK4 [372] 
INFO  20150819 10:09:47,401 [13] 1215636ms T_VideoServices heckAliveVideoTask - 3. Check video hiDAdI0ppIg [372] 
INFO  20150819 10:19:47,600 [13] 1815836ms Global          BackgroundRunning  - 1 Loop to do task [78] 
INFO  20150819 10:19:47,600 [13] 1815836ms Global          CheckAliveVideo    - 2 CheckVideo [116] 
INFO  20150819 10:19:47,657 [13] 1815893ms T_VideoServices heckAliveVideoTask - 3. Check video hiDAdI0ppIg [372] 
INFO  20150819 10:19:47,954 [13] 1816190ms T_VideoServices heckAliveVideoTask - 3. Check video QwF4P6V3dK4 [372] 
INFO  20150819 10:19:48,170 [13] 1816406ms T_VideoServices heckAliveVideoTask - 3. Check video QWBBCO5cFVM [372] 
INFO  20150819 10:19:48,377 [13] 1816613ms T_VideoServices heckAliveVideoTask - 3. Check video Vmr_IFA3WE8 [372] 
INFO  20150819 10:19:48,580 [13] 1816816ms T_VideoServices heckAliveVideoTask - 3. Check video i_0jx-WkKcg [372] 
INFO  20150819 10:41:10,186 [7]  1096ms Global          BackgroundRunning  - 1 Loop to do task [78] 
INFO  20150819 10:41:10,192 [7]  1102ms Global          CheckAliveVideo    - 2 CheckVideo [116] 
INFO  20150819 10:41:10,363 [7]  1273ms T_VideoServices heckAliveVideoTask - 3. Check video i_0jx-WkKcg [372] 
INFO  20150819 10:41:10,903 [7]  1813ms T_VideoServices heckAliveVideoTask - 3. Check video Vmr_IFA3WE8 [372] 
INFO  20150819 10:41:11,116 [7]  2026ms T_VideoServices heckAliveVideoTask - 3. Check video QWBBCO5cFVM [372] 
INFO  20150819 10:41:11,326 [7]  2236ms T_VideoServices heckAliveVideoTask - 3. Check video QwF4P6V3dK4 [372] 
INFO  20150819 10:41:11,527 [7]  2437ms T_VideoServices heckAliveVideoTask - 3. Check video hiDAdI0ppIg [372] 
INFO  20150819 10:51:11,728 [7] 602639ms Global          BackgroundRunning  - 1 Loop to do task [78] 
INFO  20150819 10:51:11,729 [7] 602640ms Global          CheckAliveVideo    - 2 CheckVideo [116] 
INFO  20150819 10:51:11,787 [7] 602698ms T_VideoServices heckAliveVideoTask - 3. Check video hiDAdI0ppIg [372] 
INFO  20150819 10:51:12,085 [7] 602996ms T_VideoServices heckAliveVideoTask - 3. Check video QwF4P6V3dK4 [372] 
INFO  20150819 10:51:12,285 [7] 603196ms T_VideoServices heckAliveVideoTask - 3. Check video QWBBCO5cFVM [372] 
INFO  20150819 10:51:12,490 [7] 603401ms T_VideoServices heckAliveVideoTask - 3. Check video Vmr_IFA3WE8 [372] 
INFO  20150819 10:51:12,696 [7] 603607ms T_VideoServices heckAliveVideoTask - 3. Check video i_0jx-WkKcg [372] 
INFO  20150819 10:55:01,577 [39]  4195ms Global          BackgroundRunning  - 1 Loop to do task [78] 
INFO  20150819 10:55:01,601 [39]  4219ms Global          CheckAliveVideo    - 2 CheckVideo [116] 
INFO  20150819 10:55:01,809 [39]  4427ms T_VideoServices heckAliveVideoTask - 3. Check video i_0jx-WkKcg [381] 
INFO  20150819 10:55:02,367 [39]  4985ms T_VideoServices heckAliveVideoTask - 3. Check video Vmr_IFA3WE8 [381] 
INFO  20150819 10:55:02,572 [39]  5190ms T_VideoServices heckAliveVideoTask - 3. Check video QWBBCO5cFVM [381] 
INFO  20150819 10:55:02,787 [39]  5405ms T_VideoServices heckAliveVideoTask - 3. Check video QwF4P6V3dK4 [381] 
INFO  20150819 10:55:02,991 [39]  5609ms T_VideoServices heckAliveVideoTask - 3. Check video hiDAdI0ppIg [381] 
INFO  20150819 10:56:15,454 [25]  2299ms Global          BackgroundRunning  - 1 Loop to do task [78] 
INFO  20150819 10:56:15,473 [25]  2318ms Global          CheckAliveVideo    - 2 CheckVideo [116] 
INFO  20150819 10:56:15,685 [25]  2530ms T_VideoServices heckAliveVideoTask - 3. Check video hiDAdI0ppIg [381] 
INFO  20150819 10:56:16,221 [25]  3066ms T_VideoServices heckAliveVideoTask - 3. Check video QwF4P6V3dK4 [381] 
INFO  20150819 10:56:16,427 [25]  3272ms T_VideoServices heckAliveVideoTask - 3. Check video QWBBCO5cFVM [381] 
INFO  20150819 10:56:16,634 [25]  3479ms T_VideoServices heckAliveVideoTask - 3. Check video Vmr_IFA3WE8 [381] 
INFO  20150819 10:56:16,839 [25]  3684ms T_VideoServices heckAliveVideoTask - 3. Check video i_0jx-WkKcg [381] 
INFO  20150819 10:59:45,677 [36]  2338ms Global          BackgroundRunning  - 1 Loop to do task [78] 
INFO  20150819 10:59:45,697 [36]  2358ms Global          CheckAliveVideo    - 2 CheckVideo [116] 
INFO  20150819 10:59:45,944 [36]  2605ms T_VideoServices heckAliveVideoTask - 3. Check video i_0jx-WkKcg [381] 
INFO  20150819 10:59:46,484 [36]  3145ms T_VideoServices heckAliveVideoTask - 3. Check video Vmr_IFA3WE8 [381] 
INFO  20150819 10:59:46,694 [36]  3355ms T_VideoServices heckAliveVideoTask - 3. Check video QWBBCO5cFVM [381] 
INFO  20150819 10:59:46,920 [36]  3581ms T_VideoServices heckAliveVideoTask - 3. Check video QwF4P6V3dK4 [381] 
INFO  20150819 10:59:47,128 [36]  3789ms T_VideoServices heckAliveVideoTask - 3. Check video hiDAdI0ppIg [381] 
INFO  20150819 11:08:55,460 [16]  2157ms Global          BackgroundRunning  - 1 Loop to do task [78] 
INFO  20150819 11:08:55,474 [16]  2171ms Global          CheckAliveVideo    - 2 CheckVideo [116] 
INFO  20150819 11:08:55,690 [16]  2387ms T_VideoServices heckAliveVideoTask - 3. Check video hiDAdI0ppIg [381] 
INFO  20150819 11:08:56,320 [16]  3017ms T_VideoServices heckAliveVideoTask - 3. Check video QwF4P6V3dK4 [381] 
INFO  20150819 11:08:56,523 [16]  3220ms T_VideoServices heckAliveVideoTask - 3. Check video QWBBCO5cFVM [381] 
INFO  20150819 11:08:56,726 [16]  3423ms T_VideoServices heckAliveVideoTask - 3. Check video Vmr_IFA3WE8 [381] 
INFO  20150819 11:08:56,935 [16]  3632ms T_VideoServices heckAliveVideoTask - 3. Check video i_0jx-WkKcg [381] 
INFO  20150819 11:10:27,199 [28]  2137ms Global          BackgroundRunning  - 1 Loop to do task [78] 
INFO  20150819 11:10:27,218 [28]  2156ms Global          CheckAliveVideo    - 2 CheckVideo [116] 
INFO  20150819 11:10:27,473 [28]  2411ms T_VideoServices heckAliveVideoTask - 3. Check video i_0jx-WkKcg [381] 
INFO  20150819 11:10:28,050 [28]  2988ms T_VideoServices heckAliveVideoTask - 3. Check video Vmr_IFA3WE8 [381] 
INFO  20150819 11:10:28,250 [28]  3188ms T_VideoServices heckAliveVideoTask - 3. Check video QWBBCO5cFVM [381] 
INFO  20150819 11:10:28,454 [28]  3392ms T_VideoServices heckAliveVideoTask - 3. Check video QwF4P6V3dK4 [381] 
INFO  20150819 11:10:28,687 [28]  3625ms T_VideoServices heckAliveVideoTask - 3. Check video hiDAdI0ppIg [381] 
INFO  20150819 11:20:08,945 [23]  2996ms Global          BackgroundRunning  - 1 Loop to do task [78] 
INFO  20150819 11:20:08,962 [23]  3013ms Global          CheckAliveVideo    - 2 CheckVideo [116] 
INFO  20150819 11:20:09,213 [23]  3264ms T_VideoServices heckAliveVideoTask - 3. Check video hiDAdI0ppIg [385] 
INFO  20150819 11:20:09,745 [23]  3796ms T_VideoServices heckAliveVideoTask - 3. Check video QwF4P6V3dK4 [385] 
INFO  20150819 11:20:09,942 [23]  3993ms T_VideoServices heckAliveVideoTask - 3. Check video QWBBCO5cFVM [385] 
INFO  20150819 11:20:10,143 [23]  4194ms T_VideoServices heckAliveVideoTask - 3. Check video Vmr_IFA3WE8 [385] 
INFO  20150819 11:20:10,383 [23]  4434ms T_VideoServices heckAliveVideoTask - 3. Check video i_0jx-WkKcg [385] 
INFO  20150819 11:30:10,587 [23] 604637ms Global          BackgroundRunning  - 1 Loop to do task [78] 
INFO  20150819 11:30:10,588 [23] 604638ms Global          CheckAliveVideo    - 2 CheckVideo [116] 
INFO  20150819 11:30:10,649 [23] 604699ms T_VideoServices heckAliveVideoTask - 3. Check video i_0jx-WkKcg [385] 
INFO  20150819 11:30:10,855 [23] 604905ms T_VideoServices heckAliveVideoTask - 3. Check video Vmr_IFA3WE8 [385] 
INFO  20150819 11:30:11,053 [23] 605103ms T_VideoServices heckAliveVideoTask - 3. Check video QWBBCO5cFVM [385] 
INFO  20150819 11:30:11,256 [23] 605306ms T_VideoServices heckAliveVideoTask - 3. Check video QwF4P6V3dK4 [385] 
INFO  20150819 11:30:11,462 [23] 605512ms T_VideoServices heckAliveVideoTask - 3. Check video hiDAdI0ppIg [385] 
INFO  20150819 11:40:11,665 [23] 1205715ms Global          BackgroundRunning  - 1 Loop to do task [78] 
INFO  20150819 11:40:11,665 [23] 1205715ms Global          CheckAliveVideo    - 2 CheckVideo [116] 
INFO  20150819 11:40:11,720 [23] 1205770ms T_VideoServices heckAliveVideoTask - 3. Check video hiDAdI0ppIg [385] 
INFO  20150819 11:40:11,997 [23] 1206047ms T_VideoServices heckAliveVideoTask - 3. Check video QwF4P6V3dK4 [385] 
INFO  20150819 11:40:12,198 [23] 1206248ms T_VideoServices heckAliveVideoTask - 3. Check video QWBBCO5cFVM [385] 
INFO  20150819 11:40:12,401 [23] 1206452ms T_VideoServices heckAliveVideoTask - 3. Check video Vmr_IFA3WE8 [385] 
INFO  20150819 11:40:12,608 [23] 1206659ms T_VideoServices heckAliveVideoTask - 3. Check video i_0jx-WkKcg [385] 
INFO  20150819 13:53:56,618 [6]  1895ms Global          BackgroundRunning  - 1 Loop to do task [78] 
INFO  20150819 13:53:56,642 [6]  1919ms Global          CheckAliveVideo    - 2 CheckVideo [116] 
INFO  20150819 13:53:56,856 [6]  2133ms T_VideoServices heckAliveVideoTask - 3. Check video i_0jx-WkKcg [385] 
INFO  20150819 13:53:57,670 [6]  2947ms T_VideoServices heckAliveVideoTask - 3. Check video Vmr_IFA3WE8 [385] 
INFO  20150819 13:53:57,890 [6]  3167ms T_VideoServices heckAliveVideoTask - 3. Check video QWBBCO5cFVM [385] 
INFO  20150819 13:53:58,094 [6]  3371ms T_VideoServices heckAliveVideoTask - 3. Check video QwF4P6V3dK4 [385] 
INFO  20150819 13:53:58,302 [6]  3579ms T_VideoServices heckAliveVideoTask - 3. Check video hiDAdI0ppIg [385] 
INFO  20150819 14:03:58,519 [6] 603795ms Global          BackgroundRunning  - 1 Loop to do task [78] 
INFO  20150819 14:03:58,519 [6] 603795ms Global          CheckAliveVideo    - 2 CheckVideo [116] 
INFO  20150819 14:03:58,561 [6] 603837ms T_VideoServices heckAliveVideoTask - 3. Check video hiDAdI0ppIg [385] 
INFO  20150819 14:03:58,857 [6] 604133ms T_VideoServices heckAliveVideoTask - 3. Check video QwF4P6V3dK4 [385] 
INFO  20150819 14:03:59,062 [6] 604338ms T_VideoServices heckAliveVideoTask - 3. Check video QWBBCO5cFVM [385] 
INFO  20150819 14:03:59,269 [6] 604545ms T_VideoServices heckAliveVideoTask - 3. Check video Vmr_IFA3WE8 [385] 
INFO  20150819 14:03:59,478 [6] 604754ms T_VideoServices heckAliveVideoTask - 3. Check video i_0jx-WkKcg [385] 
INFO  20150819 14:13:59,695 [6] 1204971ms Global          BackgroundRunning  - 1 Loop to do task [78] 
INFO  20150819 14:13:59,695 [6] 1204971ms Global          CheckAliveVideo    - 2 CheckVideo [116] 
INFO  20150819 14:13:59,750 [6] 1205026ms T_VideoServices heckAliveVideoTask - 3. Check video i_0jx-WkKcg [385] 
INFO  20150819 14:13:59,959 [6] 1205235ms T_VideoServices heckAliveVideoTask - 3. Check video Vmr_IFA3WE8 [385] 
INFO  20150819 14:14:00,165 [6] 1205441ms T_VideoServices heckAliveVideoTask - 3. Check video QWBBCO5cFVM [385] 
INFO  20150819 14:14:00,378 [6] 1205654ms T_VideoServices heckAliveVideoTask - 3. Check video QwF4P6V3dK4 [385] 
INFO  20150819 14:14:00,603 [6] 1205879ms T_VideoServices heckAliveVideoTask - 3. Check video hiDAdI0ppIg [385] 
