INFO  20150829 10:11:35,427 [10]  9072ms Global          BackgroundRunning  - 1 Loop to do task [78] 
INFO  20150829 10:11:35,700 [10]  9345ms Global          CheckAliveVideo    - 2 CheckVideo [116] 
INFO  20150829 10:11:37,677 [10] 11322ms T_VideoServices heckAliveVideoTask - 3. Check video r3D1grpaBRM [392] 
INFO  20150829 10:11:39,348 [10] 12993ms T_VideoServices heckAliveVideoTask - 3. Check video rfdGuLwDhvM [392] 
INFO  20150829 10:11:39,594 [10] 13239ms T_VideoServices heckAliveVideoTask - 3. Check video 20k1NXzf4SQ [392] 
INFO  20150829 10:11:39,797 [10] 13442ms T_VideoServices heckAliveVideoTask - 3. Check video 3eIuAsdlJIo [392] 
INFO  20150829 10:11:40,032 [10] 13677ms T_VideoServices heckAliveVideoTask - 3. Check video xE_cqbciq1g [392] 
INFO  20150829 10:15:56,113 [8] 11276ms Global          BackgroundRunning  - 1 Loop to do task [78] 
INFO  20150829 10:15:56,159 [8] 11322ms Global          CheckAliveVideo    - 2 CheckVideo [116] 
INFO  20150829 10:15:56,407 [8] 11570ms T_VideoServices heckAliveVideoTask - 3. Check video xE_cqbciq1g [392] 
INFO  20150829 10:15:56,903 [8] 12066ms T_VideoServices heckAliveVideoTask - 3. Check video 3eIuAsdlJIo [392] 
INFO  20150829 10:15:57,101 [8] 12264ms T_VideoServices heckAliveVideoTask - 3. Check video 20k1NXzf4SQ [392] 
INFO  20150829 10:15:57,322 [8] 12485ms T_VideoServices heckAliveVideoTask - 3. Check video rfdGuLwDhvM [392] 
INFO  20150829 10:15:57,526 [8] 12689ms T_VideoServices heckAliveVideoTask - 3. Check video r3D1grpaBRM [392] 
INFO  20150829 10:24:59,852 [30]  9051ms Global          BackgroundRunning  - 1 Loop to do task [78] 
INFO  20150829 10:24:59,879 [30]  9078ms Global          CheckAliveVideo    - 2 CheckVideo [116] 
INFO  20150829 10:25:00,144 [30]  9343ms T_VideoServices heckAliveVideoTask - 3. Check video r3D1grpaBRM [392] 
INFO  20150829 10:25:00,676 [30]  9875ms T_VideoServices heckAliveVideoTask - 3. Check video rfdGuLwDhvM [392] 
INFO  20150829 10:25:00,883 [30] 10082ms T_VideoServices heckAliveVideoTask - 3. Check video 20k1NXzf4SQ [392] 
INFO  20150829 10:25:01,087 [30] 10286ms T_VideoServices heckAliveVideoTask - 3. Check video 3eIuAsdlJIo [392] 
INFO  20150829 10:25:01,337 [30] 10536ms T_VideoServices heckAliveVideoTask - 3. Check video xE_cqbciq1g [392] 
