INFO  20150831 09:17:18,064 [10]  9725ms Global          BackgroundRunning  - 1 Loop to do task [79] 
INFO  20150831 09:17:18,205 [10]  9866ms Global          CheckAliveVideo    - 2 CheckVideo [117] 
INFO  20150831 09:17:20,054 [10] 11715ms T_VideoServices heckAliveVideoTask - 3. Check video xE_cqbciq1g [392] 
INFO  20150831 09:17:21,587 [10] 13248ms T_VideoServices heckAliveVideoTask - 3. Check video 3eIuAsdlJIo [392] 
INFO  20150831 09:17:21,854 [10] 13515ms T_VideoServices heckAliveVideoTask - 3. Check video 20k1NXzf4SQ [392] 
INFO  20150831 09:17:22,064 [10] 13725ms T_VideoServices heckAliveVideoTask - 3. Check video rfdGuLwDhvM [392] 
INFO  20150831 09:17:22,274 [10] 13935ms T_VideoServices heckAliveVideoTask - 3. Check video r3D1grpaBRM [392] 
INFO  20150831 09:20:41,860 [10] 10959ms Global          BackgroundRunning  - 1 Loop to do task [79] 
INFO  20150831 09:20:41,961 [10] 11060ms Global          CheckAliveVideo    - 2 CheckVideo [117] 
INFO  20150831 09:20:43,420 [10] 12519ms T_VideoServices heckAliveVideoTask - 3. Check video r3D1grpaBRM [393] 
INFO  20150831 09:20:45,438 [10] 14537ms T_VideoServices heckAliveVideoTask - 3. Check video rfdGuLwDhvM [393] 
INFO  20150831 09:20:45,675 [10] 14774ms T_VideoServices heckAliveVideoTask - 3. Check video 20k1NXzf4SQ [393] 
INFO  20150831 09:20:46,164 [10] 15263ms T_VideoServices heckAliveVideoTask - 3. Check video 3eIuAsdlJIo [393] 
INFO  20150831 09:21:02,182 [10] 31281ms T_VideoServices heckAliveVideoTask - 3. Check video xE_cqbciq1g [393] 
INFO  20150831 09:27:22,498 [10] 614159ms Global          BackgroundRunning  - 1 Loop to do task [79] 
INFO  20150831 09:27:22,548 [10] 614209ms Global          CheckAliveVideo    - 2 CheckVideo [117] 
INFO  20150831 09:27:22,645 [10] 614306ms T_VideoServices heckAliveVideoTask - 3. Check video xE_cqbciq1g [392] 
INFO  20150831 09:27:23,011 [10] 614672ms T_VideoServices heckAliveVideoTask - 3. Check video 3eIuAsdlJIo [392] 
INFO  20150831 09:27:23,227 [10] 614888ms T_VideoServices heckAliveVideoTask - 3. Check video 20k1NXzf4SQ [392] 
INFO  20150831 09:27:23,438 [10] 615099ms T_VideoServices heckAliveVideoTask - 3. Check video rfdGuLwDhvM [392] 
INFO  20150831 09:27:23,647 [10] 615308ms T_VideoServices heckAliveVideoTask - 3. Check video r3D1grpaBRM [392] 
INFO  20150831 13:52:52,851 [10] 11216ms Global          BackgroundRunning  - 1 Loop to do task [78] 
INFO  20150831 13:52:53,031 [10] 11396ms Global          CheckAliveVideo    - 2 CheckVideo [116] 
INFO  20150831 13:52:54,441 [10] 12806ms T_VideoServices heckAliveVideoTask - 3. Check video r3D1grpaBRM [392] 
INFO  20150831 13:52:55,816 [10] 14181ms T_VideoServices heckAliveVideoTask - 3. Check video rfdGuLwDhvM [392] 
INFO  20150831 13:52:56,082 [10] 14447ms T_VideoServices heckAliveVideoTask - 3. Check video 20k1NXzf4SQ [392] 
INFO  20150831 13:52:56,291 [10] 14656ms T_VideoServices heckAliveVideoTask - 3. Check video 3eIuAsdlJIo [392] 
INFO  20150831 13:52:56,586 [10] 14951ms T_VideoServices heckAliveVideoTask - 3. Check video xE_cqbciq1g [392] 
INFO  20150831 14:02:56,795 [10] 615161ms Global          BackgroundRunning  - 1 Loop to do task [78] 
INFO  20150831 14:02:56,796 [10] 615162ms Global          CheckAliveVideo    - 2 CheckVideo [116] 
INFO  20150831 14:02:56,877 [10] 615243ms T_VideoServices heckAliveVideoTask - 3. Check video xE_cqbciq1g [392] 
INFO  20150831 14:02:57,190 [10] 615556ms T_VideoServices heckAliveVideoTask - 3. Check video 3eIuAsdlJIo [392] 
INFO  20150831 14:02:57,390 [10] 615756ms T_VideoServices heckAliveVideoTask - 3. Check video 20k1NXzf4SQ [392] 
INFO  20150831 14:02:57,591 [10] 615957ms T_VideoServices heckAliveVideoTask - 3. Check video rfdGuLwDhvM [392] 
INFO  20150831 14:02:57,813 [10] 616179ms T_VideoServices heckAliveVideoTask - 3. Check video r3D1grpaBRM [392] 
INFO  20150831 14:15:00,418 [35]  6893ms Global          BackgroundRunning  - 1 Loop to do task [0] 
INFO  20150831 14:15:00,490 [35]  6965ms Global          CheckAliveVideo    - 2 CheckVideo [0] 
INFO  20150831 14:15:00,676 [35]  7151ms T_VideoServices heckAliveVideoTask - 3. Check video r3D1grpaBRM [0] 
INFO  20150831 14:15:01,229 [35]  7704ms T_VideoServices heckAliveVideoTask - 3. Check video rfdGuLwDhvM [0] 
INFO  20150831 14:15:01,440 [35]  7915ms T_VideoServices heckAliveVideoTask - 3. Check video 20k1NXzf4SQ [0] 
INFO  20150831 14:15:01,658 [35]  8133ms T_VideoServices heckAliveVideoTask - 3. Check video 3eIuAsdlJIo [0] 
INFO  20150831 14:15:01,880 [35]  8355ms T_VideoServices heckAliveVideoTask - 3. Check video xE_cqbciq1g [0] 
INFO  20150831 14:17:26,348 [10] 28361ms Global          BackgroundRunning  - 1 Loop to do task [78] 
INFO  20150831 14:17:26,612 [10] 28625ms Global          CheckAliveVideo    - 2 CheckVideo [116] 
INFO  20150831 14:17:27,425 [10] 29438ms T_VideoServices heckAliveVideoTask - 3. Check video xE_cqbciq1g [392] 
INFO  20150831 14:17:29,330 [10] 31343ms T_VideoServices heckAliveVideoTask - 3. Check video 3eIuAsdlJIo [392] 
INFO  20150831 14:17:29,870 [10] 31883ms T_VideoServices heckAliveVideoTask - 3. Check video 20k1NXzf4SQ [392] 
INFO  20150831 14:17:30,679 [10] 32692ms T_VideoServices heckAliveVideoTask - 3. Check video rfdGuLwDhvM [392] 
INFO  20150831 14:17:30,947 [10] 32960ms T_VideoServices heckAliveVideoTask - 3. Check video r3D1grpaBRM [392] 
INFO  20150831 14:19:50,205 [43]  3908ms Global          BackgroundRunning  - 1 Loop to do task [78] 
INFO  20150831 14:19:50,236 [43]  3939ms Global          CheckAliveVideo    - 2 CheckVideo [116] 
INFO  20150831 14:19:50,869 [43]  4572ms T_VideoServices heckAliveVideoTask - 3. Check video r3D1grpaBRM [396] 
INFO  20150831 14:19:51,966 [43]  5669ms T_VideoServices heckAliveVideoTask - 3. Check video rfdGuLwDhvM [396] 
INFO  20150831 14:19:52,224 [43]  5927ms T_VideoServices heckAliveVideoTask - 3. Check video 20k1NXzf4SQ [396] 
INFO  20150831 14:19:52,473 [43]  6176ms T_VideoServices heckAliveVideoTask - 3. Check video 3eIuAsdlJIo [396] 
INFO  20150831 14:19:52,676 [43]  6379ms T_VideoServices heckAliveVideoTask - 3. Check video xE_cqbciq1g [396] 
