INFO  20150828 08:09:11,007 [13] 14113ms Global          BackgroundRunning  - 1 Loop to do task [79] 
INFO  20150828 08:09:11,823 [13] 14929ms Global          CheckAliveVideo    - 2 CheckVideo [117] 
INFO  20150828 08:09:12,574 [13] 15680ms T_VideoServices heckAliveVideoTask - 3. Check video xE_cqbciq1g [385] 
INFO  20150828 08:09:14,284 [13] 17390ms T_VideoServices heckAliveVideoTask - 3. Check video 3eIuAsdlJIo [385] 
INFO  20150828 08:09:14,527 [13] 17634ms T_VideoServices heckAliveVideoTask - 3. Check video 20k1NXzf4SQ [385] 
INFO  20150828 08:09:14,752 [13] 17859ms T_VideoServices heckAliveVideoTask - 3. Check video rfdGuLwDhvM [385] 
INFO  20150828 08:09:14,966 [13] 18073ms T_VideoServices heckAliveVideoTask - 3. Check video r3D1grpaBRM [385] 
INFO  20150828 08:14:53,309 [12]  5989ms Global          BackgroundRunning  - 1 Loop to do task [78] 
INFO  20150828 08:14:53,337 [12]  6017ms Global          CheckAliveVideo    - 2 CheckVideo [116] 
INFO  20150828 08:14:53,802 [12]  6482ms T_VideoServices heckAliveVideoTask - 3. Check video r3D1grpaBRM [385] 
INFO  20150828 08:14:54,397 [12]  7077ms T_VideoServices heckAliveVideoTask - 3. Check video rfdGuLwDhvM [385] 
INFO  20150828 08:14:54,599 [12]  7279ms T_VideoServices heckAliveVideoTask - 3. Check video 20k1NXzf4SQ [385] 
INFO  20150828 08:14:54,802 [12]  7482ms T_VideoServices heckAliveVideoTask - 3. Check video 3eIuAsdlJIo [385] 
INFO  20150828 08:14:55,005 [12]  7685ms T_VideoServices heckAliveVideoTask - 3. Check video xE_cqbciq1g [385] 
INFO  20150828 08:15:11,503 [17]  1812ms Global          BackgroundRunning  - 1 Loop to do task [78] 
INFO  20150828 08:15:11,520 [17]  1829ms Global          CheckAliveVideo    - 2 CheckVideo [116] 
INFO  20150828 08:15:11,729 [17]  2038ms T_VideoServices heckAliveVideoTask - 3. Check video xE_cqbciq1g [385] 
INFO  20150828 08:15:12,622 [17]  2931ms T_VideoServices heckAliveVideoTask - 3. Check video 3eIuAsdlJIo [385] 
INFO  20150828 08:15:12,835 [17]  3144ms T_VideoServices heckAliveVideoTask - 3. Check video 20k1NXzf4SQ [385] 
INFO  20150828 08:15:13,032 [17]  3341ms T_VideoServices heckAliveVideoTask - 3. Check video rfdGuLwDhvM [385] 
INFO  20150828 08:15:13,236 [17]  3545ms T_VideoServices heckAliveVideoTask - 3. Check video r3D1grpaBRM [385] 
INFO  20150828 08:23:17,033 [6]  4076ms Global          BackgroundRunning  - 1 Loop to do task [78] 
INFO  20150828 08:23:17,064 [6]  4107ms Global          CheckAliveVideo    - 2 CheckVideo [116] 
INFO  20150828 08:23:17,379 [6]  4422ms T_VideoServices heckAliveVideoTask - 3. Check video r3D1grpaBRM [385] 
INFO  20150828 08:23:17,959 [6]  5002ms T_VideoServices heckAliveVideoTask - 3. Check video rfdGuLwDhvM [385] 
INFO  20150828 08:23:18,165 [6]  5208ms T_VideoServices heckAliveVideoTask - 3. Check video 20k1NXzf4SQ [385] 
INFO  20150828 08:23:18,368 [6]  5411ms T_VideoServices heckAliveVideoTask - 3. Check video 3eIuAsdlJIo [385] 
INFO  20150828 08:23:18,572 [6]  5615ms T_VideoServices heckAliveVideoTask - 3. Check video xE_cqbciq1g [385] 
INFO  20150828 08:43:40,573 [32]  3470ms Global          BackgroundRunning  - 1 Loop to do task [79] 
INFO  20150828 08:43:40,603 [32]  3500ms Global          CheckAliveVideo    - 2 CheckVideo [117] 
INFO  20150828 08:43:41,254 [32]  4151ms T_VideoServices heckAliveVideoTask - 3. Check video xE_cqbciq1g [385] 
INFO  20150828 08:43:42,074 [32]  4971ms T_VideoServices heckAliveVideoTask - 3. Check video 3eIuAsdlJIo [385] 
INFO  20150828 08:43:42,299 [32]  5196ms T_VideoServices heckAliveVideoTask - 3. Check video 20k1NXzf4SQ [385] 
INFO  20150828 08:43:42,500 [32]  5397ms T_VideoServices heckAliveVideoTask - 3. Check video rfdGuLwDhvM [385] 
INFO  20150828 08:43:42,717 [32]  5614ms T_VideoServices heckAliveVideoTask - 3. Check video r3D1grpaBRM [385] 
INFO  20150828 10:08:24,193 [11]  3740ms Global          BackgroundRunning  - 1 Loop to do task [79] 
INFO  20150828 10:08:24,220 [11]  3767ms Global          CheckAliveVideo    - 2 CheckVideo [117] 
INFO  20150828 10:08:24,619 [11]  4166ms T_VideoServices heckAliveVideoTask - 3. Check video r3D1grpaBRM [385] 
INFO  20150828 10:08:25,505 [11]  5052ms T_VideoServices heckAliveVideoTask - 3. Check video rfdGuLwDhvM [385] 
INFO  20150828 10:08:25,722 [11]  5269ms T_VideoServices heckAliveVideoTask - 3. Check video 20k1NXzf4SQ [385] 
INFO  20150828 10:08:25,959 [11]  5506ms T_VideoServices heckAliveVideoTask - 3. Check video 3eIuAsdlJIo [385] 
INFO  20150828 10:08:26,178 [11]  5725ms T_VideoServices heckAliveVideoTask - 3. Check video xE_cqbciq1g [385] 
INFO  20150828 10:54:08,092 [6]  3260ms Global          BackgroundRunning  - 1 Loop to do task [78] 
INFO  20150828 10:54:08,121 [6]  3289ms Global          CheckAliveVideo    - 2 CheckVideo [116] 
INFO  20150828 10:54:08,342 [6]  3510ms T_VideoServices heckAliveVideoTask - 3. Check video xE_cqbciq1g [385] 
INFO  20150828 10:54:08,922 [6]  4090ms T_VideoServices heckAliveVideoTask - 3. Check video 3eIuAsdlJIo [385] 
INFO  20150828 10:54:09,129 [6]  4297ms T_VideoServices heckAliveVideoTask - 3. Check video 20k1NXzf4SQ [385] 
INFO  20150828 10:54:09,339 [6]  4507ms T_VideoServices heckAliveVideoTask - 3. Check video rfdGuLwDhvM [385] 
INFO  20150828 10:54:09,549 [6]  4717ms T_VideoServices heckAliveVideoTask - 3. Check video r3D1grpaBRM [385] 
INFO  20150828 11:04:09,773 [6] 604940ms Global          BackgroundRunning  - 1 Loop to do task [78] 
INFO  20150828 11:04:09,774 [6] 604941ms Global          CheckAliveVideo    - 2 CheckVideo [116] 
INFO  20150828 11:04:09,848 [6] 605015ms T_VideoServices heckAliveVideoTask - 3. Check video r3D1grpaBRM [385] 
INFO  20150828 11:04:10,166 [6] 605333ms T_VideoServices heckAliveVideoTask - 3. Check video rfdGuLwDhvM [385] 
INFO  20150828 11:04:10,371 [6] 605538ms T_VideoServices heckAliveVideoTask - 3. Check video 20k1NXzf4SQ [385] 
INFO  20150828 11:04:10,574 [6] 605741ms T_VideoServices heckAliveVideoTask - 3. Check video 3eIuAsdlJIo [385] 
INFO  20150828 11:04:10,776 [6] 605943ms T_VideoServices heckAliveVideoTask - 3. Check video xE_cqbciq1g [385] 
INFO  20150828 11:14:11,033 [6] 1206200ms Global          BackgroundRunning  - 1 Loop to do task [78] 
INFO  20150828 11:14:11,034 [6] 1206201ms Global          CheckAliveVideo    - 2 CheckVideo [116] 
INFO  20150828 11:14:11,095 [6] 1206262ms T_VideoServices heckAliveVideoTask - 3. Check video xE_cqbciq1g [385] 
INFO  20150828 11:14:11,436 [6] 1206603ms T_VideoServices heckAliveVideoTask - 3. Check video 3eIuAsdlJIo [385] 
INFO  20150828 11:14:11,636 [6] 1206803ms T_VideoServices heckAliveVideoTask - 3. Check video 20k1NXzf4SQ [385] 
INFO  20150828 11:14:11,838 [6] 1207005ms T_VideoServices heckAliveVideoTask - 3. Check video rfdGuLwDhvM [385] 
INFO  20150828 11:14:12,040 [6] 1207207ms T_VideoServices heckAliveVideoTask - 3. Check video r3D1grpaBRM [385] 
INFO  20150828 16:12:17,167 [10] 12212ms Global          BackgroundRunning  - 1 Loop to do task [79] 
INFO  20150828 16:12:17,238 [10] 12283ms Global          CheckAliveVideo    - 2 CheckVideo [117] 
INFO  20150828 16:12:20,240 [10] 15285ms T_VideoServices heckAliveVideoTask - 3. Check video r3D1grpaBRM [386] 
INFO  20150828 16:12:23,734 [10] 18780ms T_VideoServices heckAliveVideoTask - 3. Check video rfdGuLwDhvM [386] 
INFO  20150828 16:12:24,229 [10] 19275ms T_VideoServices heckAliveVideoTask - 3. Check video 20k1NXzf4SQ [386] 
INFO  20150828 16:12:24,479 [10] 19525ms T_VideoServices heckAliveVideoTask - 3. Check video 3eIuAsdlJIo [386] 
INFO  20150828 16:12:24,764 [10] 19810ms T_VideoServices heckAliveVideoTask - 3. Check video xE_cqbciq1g [386] 
INFO  20150828 16:24:31,374 [6]  5382ms Global          BackgroundRunning  - 1 Loop to do task [78] 
INFO  20150828 16:24:31,479 [6]  5487ms Global          CheckAliveVideo    - 2 CheckVideo [116] 
INFO  20150828 16:24:31,775 [6]  5783ms T_VideoServices heckAliveVideoTask - 3. Check video xE_cqbciq1g [385] 
INFO  20150828 16:24:32,548 [6]  6556ms T_VideoServices heckAliveVideoTask - 3. Check video 3eIuAsdlJIo [385] 
INFO  20150828 16:24:32,780 [6]  6788ms T_VideoServices heckAliveVideoTask - 3. Check video 20k1NXzf4SQ [385] 
INFO  20150828 16:24:33,017 [6]  7025ms T_VideoServices heckAliveVideoTask - 3. Check video rfdGuLwDhvM [385] 
INFO  20150828 16:24:33,226 [6]  7234ms T_VideoServices heckAliveVideoTask - 3. Check video r3D1grpaBRM [385] 
INFO  20150828 16:36:45,623 [31]  5220ms Global          BackgroundRunning  - 1 Loop to do task [78] 
INFO  20150828 16:36:45,672 [31]  5269ms Global          CheckAliveVideo    - 2 CheckVideo [116] 
INFO  20150828 16:36:45,894 [31]  5491ms T_VideoServices heckAliveVideoTask - 3. Check video r3D1grpaBRM [385] 
INFO  20150828 16:36:46,455 [31]  6052ms T_VideoServices heckAliveVideoTask - 3. Check video rfdGuLwDhvM [385] 
INFO  20150828 16:36:46,740 [31]  6337ms T_VideoServices heckAliveVideoTask - 3. Check video 20k1NXzf4SQ [385] 
INFO  20150828 16:36:47,006 [31]  6603ms T_VideoServices heckAliveVideoTask - 3. Check video 3eIuAsdlJIo [385] 
INFO  20150828 16:36:47,260 [31]  6857ms T_VideoServices heckAliveVideoTask - 3. Check video xE_cqbciq1g [385] 
INFO  20150828 16:43:21,529 [32]  6687ms Global          BackgroundRunning  - 1 Loop to do task [78] 
INFO  20150828 16:43:21,552 [32]  6710ms Global          CheckAliveVideo    - 2 CheckVideo [116] 
INFO  20150828 16:43:21,746 [32]  6904ms T_VideoServices heckAliveVideoTask - 3. Check video xE_cqbciq1g [385] 
INFO  20150828 16:43:22,349 [32]  7507ms T_VideoServices heckAliveVideoTask - 3. Check video 3eIuAsdlJIo [385] 
INFO  20150828 16:43:22,554 [32]  7712ms T_VideoServices heckAliveVideoTask - 3. Check video 20k1NXzf4SQ [385] 
INFO  20150828 16:43:22,775 [32]  7933ms T_VideoServices heckAliveVideoTask - 3. Check video rfdGuLwDhvM [385] 
INFO  20150828 16:43:22,974 [32]  8132ms T_VideoServices heckAliveVideoTask - 3. Check video r3D1grpaBRM [385] 
INFO  20150828 16:52:04,235 [20]  7527ms Global          BackgroundRunning  - 1 Loop to do task [78] 
INFO  20150828 16:52:04,278 [20]  7570ms Global          CheckAliveVideo    - 2 CheckVideo [116] 
INFO  20150828 16:52:04,522 [20]  7814ms T_VideoServices heckAliveVideoTask - 3. Check video r3D1grpaBRM [385] 
INFO  20150828 16:52:05,067 [20]  8359ms T_VideoServices heckAliveVideoTask - 3. Check video rfdGuLwDhvM [385] 
INFO  20150828 16:52:05,266 [20]  8558ms T_VideoServices heckAliveVideoTask - 3. Check video 20k1NXzf4SQ [385] 
INFO  20150828 16:52:05,512 [20]  8804ms T_VideoServices heckAliveVideoTask - 3. Check video 3eIuAsdlJIo [385] 
INFO  20150828 16:52:05,770 [20]  9062ms T_VideoServices heckAliveVideoTask - 3. Check video xE_cqbciq1g [385] 
INFO  20150828 17:52:40,929 [10]  6081ms Global          BackgroundRunning  - 1 Loop to do task [79] 
INFO  20150828 17:52:41,147 [10]  6299ms Global          CheckAliveVideo    - 2 CheckVideo [117] 
INFO  20150828 17:52:41,521 [10]  6673ms T_VideoServices heckAliveVideoTask - 3. Check video xE_cqbciq1g [385] 
INFO  20150828 17:52:42,796 [10]  7948ms T_VideoServices heckAliveVideoTask - 3. Check video 3eIuAsdlJIo [385] 
INFO  20150828 17:52:43,044 [10]  8196ms T_VideoServices heckAliveVideoTask - 3. Check video 20k1NXzf4SQ [385] 
INFO  20150828 17:52:43,298 [10]  8450ms T_VideoServices heckAliveVideoTask - 3. Check video rfdGuLwDhvM [385] 
INFO  20150828 17:52:43,518 [10]  8670ms T_VideoServices heckAliveVideoTask - 3. Check video r3D1grpaBRM [385] 
