INFO  20150827 10:00:29,321 [13]  9087ms Global          BackgroundRunning  - 1 Loop to do task [79] 
INFO  20150827 10:00:29,625 [13]  9391ms Global          CheckAliveVideo    - 2 CheckVideo [117] 
INFO  20150827 10:00:30,867 [13] 10633ms T_VideoServices heckAliveVideoTask - 3. Check video r3D1grpaBRM [385] 
INFO  20150827 10:00:32,834 [13] 12600ms T_VideoServices heckAliveVideoTask - 3. Check video rfdGuLwDhvM [385] 
INFO  20150827 10:00:33,072 [13] 12838ms T_VideoServices heckAliveVideoTask - 3. Check video 20k1NXzf4SQ [385] 
INFO  20150827 10:00:33,277 [13] 13043ms T_VideoServices heckAliveVideoTask - 3. Check video 3eIuAsdlJIo [385] 
INFO  20150827 10:00:33,526 [13] 13292ms T_VideoServices heckAliveVideoTask - 3. Check video xE_cqbciq1g [385] 
INFO  20150827 10:10:33,730 [13] 613496ms Global          BackgroundRunning  - 1 Loop to do task [79] 
INFO  20150827 10:10:33,731 [13] 613497ms Global          CheckAliveVideo    - 2 CheckVideo [117] 
INFO  20150827 10:10:33,785 [13] 613551ms T_VideoServices heckAliveVideoTask - 3. Check video xE_cqbciq1g [385] 
INFO  20150827 10:10:34,020 [13] 613786ms T_VideoServices heckAliveVideoTask - 3. Check video 3eIuAsdlJIo [385] 
INFO  20150827 10:10:34,272 [13] 614038ms T_VideoServices heckAliveVideoTask - 3. Check video 20k1NXzf4SQ [385] 
INFO  20150827 10:10:34,477 [13] 614243ms T_VideoServices heckAliveVideoTask - 3. Check video rfdGuLwDhvM [385] 
INFO  20150827 10:10:34,674 [13] 614440ms T_VideoServices heckAliveVideoTask - 3. Check video r3D1grpaBRM [385] 
INFO  20150827 16:40:50,581 [10] 12414ms Global          BackgroundRunning  - 1 Loop to do task [78] 
INFO  20150827 16:40:51,019 [10] 12851ms Global          CheckAliveVideo    - 2 CheckVideo [116] 
INFO  20150827 16:40:53,918 [10] 15750ms T_VideoServices heckAliveVideoTask - 3. Check video r3D1grpaBRM [385] 
INFO  20150827 16:40:57,783 [10] 19616ms T_VideoServices heckAliveVideoTask - 3. Check video rfdGuLwDhvM [385] 
INFO  20150827 16:40:58,078 [10] 19911ms T_VideoServices heckAliveVideoTask - 3. Check video 20k1NXzf4SQ [385] 
INFO  20150827 16:40:58,327 [10] 20160ms T_VideoServices heckAliveVideoTask - 3. Check video 3eIuAsdlJIo [385] 
INFO  20150827 16:40:58,544 [10] 20377ms T_VideoServices heckAliveVideoTask - 3. Check video xE_cqbciq1g [385] 
INFO  20150827 16:43:28,835 [21]  3123ms Global          BackgroundRunning  - 1 Loop to do task [79] 
INFO  20150827 16:43:28,850 [21]  3138ms Global          CheckAliveVideo    - 2 CheckVideo [117] 
INFO  20150827 16:43:29,220 [21]  3508ms T_VideoServices heckAliveVideoTask - 3. Check video xE_cqbciq1g [385] 
INFO  20150827 16:43:29,829 [21]  4117ms T_VideoServices heckAliveVideoTask - 3. Check video 3eIuAsdlJIo [385] 
INFO  20150827 16:43:30,041 [21]  4329ms T_VideoServices heckAliveVideoTask - 3. Check video 20k1NXzf4SQ [385] 
INFO  20150827 16:43:30,287 [21]  4575ms T_VideoServices heckAliveVideoTask - 3. Check video rfdGuLwDhvM [385] 
INFO  20150827 16:43:30,483 [21]  4771ms T_VideoServices heckAliveVideoTask - 3. Check video r3D1grpaBRM [385] 
INFO  20150827 16:51:17,204 [32]  4019ms Global          BackgroundRunning  - 1 Loop to do task [79] 
INFO  20150827 16:51:17,271 [32]  4086ms Global          CheckAliveVideo    - 2 CheckVideo [117] 
INFO  20150827 16:51:17,467 [32]  4282ms T_VideoServices heckAliveVideoTask - 3. Check video r3D1grpaBRM [385] 
INFO  20150827 16:51:18,027 [32]  4842ms T_VideoServices heckAliveVideoTask - 3. Check video rfdGuLwDhvM [385] 
INFO  20150827 16:51:18,232 [32]  5047ms T_VideoServices heckAliveVideoTask - 3. Check video 20k1NXzf4SQ [385] 
INFO  20150827 16:51:18,434 [32]  5249ms T_VideoServices heckAliveVideoTask - 3. Check video 3eIuAsdlJIo [385] 
INFO  20150827 16:51:18,676 [32]  5491ms T_VideoServices heckAliveVideoTask - 3. Check video xE_cqbciq1g [385] 
