INFO  20150821 08:51:58,571 [10]  9425ms Global          BackgroundRunning  - 1 Loop to do task [79] 
INFO  20150821 08:51:58,974 [10]  9828ms Global          CheckAliveVideo    - 2 CheckVideo [117] 
INFO  20150821 08:51:59,123 [10]  9977ms T_VideoServices heckAliveVideoTask - 3. Check video i_0jx-WkKcg [385] 
INFO  20150821 08:51:59,848 [10] 10702ms T_VideoServices heckAliveVideoTask - 3. Check video Vmr_IFA3WE8 [385] 
INFO  20150821 08:52:00,068 [10] 10922ms T_VideoServices heckAliveVideoTask - 3. Check video QWBBCO5cFVM [385] 
INFO  20150821 08:52:00,286 [10] 11140ms T_VideoServices heckAliveVideoTask - 3. Check video QwF4P6V3dK4 [385] 
INFO  20150821 08:52:00,514 [10] 11368ms T_VideoServices heckAliveVideoTask - 3. Check video hiDAdI0ppIg [385] 
INFO  20150821 09:02:00,727 [10] 611581ms Global          BackgroundRunning  - 1 Loop to do task [79] 
INFO  20150821 09:02:00,727 [10] 611581ms Global          CheckAliveVideo    - 2 CheckVideo [117] 
INFO  20150821 09:02:00,811 [10] 611665ms T_VideoServices heckAliveVideoTask - 3. Check video hiDAdI0ppIg [385] 
INFO  20150821 09:02:01,298 [10] 612153ms T_VideoServices heckAliveVideoTask - 3. Check video QwF4P6V3dK4 [385] 
INFO  20150821 09:02:01,539 [10] 612394ms T_VideoServices heckAliveVideoTask - 3. Check video QWBBCO5cFVM [385] 
INFO  20150821 09:02:01,789 [10] 612644ms T_VideoServices heckAliveVideoTask - 3. Check video Vmr_IFA3WE8 [385] 
INFO  20150821 09:02:02,008 [10] 612863ms T_VideoServices heckAliveVideoTask - 3. Check video i_0jx-WkKcg [385] 
INFO  20150821 09:12:02,220 [10] 1213075ms Global          BackgroundRunning  - 1 Loop to do task [79] 
INFO  20150821 09:12:02,221 [10] 1213076ms Global          CheckAliveVideo    - 2 CheckVideo [117] 
INFO  20150821 09:12:02,282 [10] 1213137ms T_VideoServices heckAliveVideoTask - 3. Check video i_0jx-WkKcg [385] 
INFO  20150821 09:12:02,644 [10] 1213499ms T_VideoServices heckAliveVideoTask - 3. Check video Vmr_IFA3WE8 [385] 
INFO  20150821 09:12:02,858 [10] 1213713ms T_VideoServices heckAliveVideoTask - 3. Check video QWBBCO5cFVM [385] 
INFO  20150821 09:12:03,098 [10] 1213953ms T_VideoServices heckAliveVideoTask - 3. Check video QwF4P6V3dK4 [385] 
INFO  20150821 09:12:03,329 [10] 1214183ms T_VideoServices heckAliveVideoTask - 3. Check video hiDAdI0ppIg [385] 
INFO  20150821 09:28:33,683 [7]  2747ms Global          BackgroundRunning  - 1 Loop to do task [79] 
INFO  20150821 09:28:33,704 [7]  2768ms Global          CheckAliveVideo    - 2 CheckVideo [117] 
INFO  20150821 09:28:33,891 [7]  2955ms T_VideoServices heckAliveVideoTask - 3. Check video hiDAdI0ppIg [385] 
INFO  20150821 09:28:34,610 [7]  3674ms T_VideoServices heckAliveVideoTask - 3. Check video QwF4P6V3dK4 [385] 
INFO  20150821 09:28:34,810 [7]  3874ms T_VideoServices heckAliveVideoTask - 3. Check video QWBBCO5cFVM [385] 
INFO  20150821 09:28:35,029 [7]  4093ms T_VideoServices heckAliveVideoTask - 3. Check video Vmr_IFA3WE8 [385] 
INFO  20150821 09:28:35,249 [7]  4313ms T_VideoServices heckAliveVideoTask - 3. Check video i_0jx-WkKcg [385] 
INFO  20150821 09:38:35,475 [7] 604538ms Global          BackgroundRunning  - 1 Loop to do task [79] 
INFO  20150821 09:38:35,475 [7] 604538ms Global          CheckAliveVideo    - 2 CheckVideo [117] 
INFO  20150821 09:38:35,532 [7] 604595ms T_VideoServices heckAliveVideoTask - 3. Check video i_0jx-WkKcg [385] 
INFO  20150821 09:38:35,887 [7] 604950ms T_VideoServices heckAliveVideoTask - 3. Check video Vmr_IFA3WE8 [385] 
INFO  20150821 09:38:36,166 [7] 605229ms T_VideoServices heckAliveVideoTask - 3. Check video QWBBCO5cFVM [385] 
INFO  20150821 09:38:36,381 [7] 605444ms T_VideoServices heckAliveVideoTask - 3. Check video QwF4P6V3dK4 [385] 
INFO  20150821 09:38:36,599 [7] 605662ms T_VideoServices heckAliveVideoTask - 3. Check video hiDAdI0ppIg [385] 
INFO  20150821 09:48:36,812 [7] 1205875ms Global          BackgroundRunning  - 1 Loop to do task [79] 
INFO  20150821 09:48:36,812 [7] 1205875ms Global          CheckAliveVideo    - 2 CheckVideo [117] 
INFO  20150821 09:48:36,858 [7] 1205921ms T_VideoServices heckAliveVideoTask - 3. Check video hiDAdI0ppIg [385] 
INFO  20150821 09:48:37,077 [7] 1206140ms T_VideoServices heckAliveVideoTask - 3. Check video QwF4P6V3dK4 [385] 
INFO  20150821 09:48:37,295 [7] 1206358ms T_VideoServices heckAliveVideoTask - 3. Check video QWBBCO5cFVM [385] 
INFO  20150821 09:48:37,507 [7] 1206571ms T_VideoServices heckAliveVideoTask - 3. Check video Vmr_IFA3WE8 [385] 
INFO  20150821 09:48:37,728 [7] 1206792ms T_VideoServices heckAliveVideoTask - 3. Check video i_0jx-WkKcg [385] 
INFO  20150821 15:08:55,259 [9] 10052ms Global          BackgroundRunning  - 1 Loop to do task [79] 
INFO  20150821 15:08:55,754 [9] 10547ms Global          CheckAliveVideo    - 2 CheckVideo [117] 
INFO  20150821 15:08:56,809 [9] 11602ms T_VideoServices heckAliveVideoTask - 3. Check video i_0jx-WkKcg [385] 
INFO  20150821 15:08:58,847 [9] 13640ms T_VideoServices heckAliveVideoTask - 3. Check video Vmr_IFA3WE8 [385] 
INFO  20150821 15:08:59,158 [9] 13951ms T_VideoServices heckAliveVideoTask - 3. Check video QWBBCO5cFVM [385] 
INFO  20150821 15:08:59,376 [9] 14169ms T_VideoServices heckAliveVideoTask - 3. Check video QwF4P6V3dK4 [385] 
INFO  20150821 15:08:59,578 [9] 14371ms T_VideoServices heckAliveVideoTask - 3. Check video hiDAdI0ppIg [385] 
INFO  20150821 15:18:59,803 [9] 614597ms Global          BackgroundRunning  - 1 Loop to do task [79] 
INFO  20150821 15:18:59,804 [9] 614598ms Global          CheckAliveVideo    - 2 CheckVideo [117] 
INFO  20150821 15:18:59,871 [9] 614665ms T_VideoServices heckAliveVideoTask - 3. Check video hiDAdI0ppIg [385] 
INFO  20150821 15:19:00,177 [9] 614971ms T_VideoServices heckAliveVideoTask - 3. Check video QwF4P6V3dK4 [385] 
INFO  20150821 15:19:00,406 [9] 615200ms T_VideoServices heckAliveVideoTask - 3. Check video QWBBCO5cFVM [385] 
INFO  20150821 15:19:00,611 [9] 615405ms T_VideoServices heckAliveVideoTask - 3. Check video Vmr_IFA3WE8 [385] 
INFO  20150821 15:19:00,825 [9] 615619ms T_VideoServices heckAliveVideoTask - 3. Check video i_0jx-WkKcg [385] 
INFO  20150821 15:29:01,033 [9] 1215827ms Global          BackgroundRunning  - 1 Loop to do task [79] 
INFO  20150821 15:29:01,033 [9] 1215827ms Global          CheckAliveVideo    - 2 CheckVideo [117] 
INFO  20150821 15:29:01,090 [9] 1215884ms T_VideoServices heckAliveVideoTask - 3. Check video i_0jx-WkKcg [385] 
INFO  20150821 15:29:01,400 [9] 1216193ms T_VideoServices heckAliveVideoTask - 3. Check video Vmr_IFA3WE8 [385] 
INFO  20150821 15:29:01,615 [9] 1216408ms T_VideoServices heckAliveVideoTask - 3. Check video QWBBCO5cFVM [385] 
INFO  20150821 15:29:01,823 [9] 1216616ms T_VideoServices heckAliveVideoTask - 3. Check video QwF4P6V3dK4 [385] 
INFO  20150821 15:29:02,043 [9] 1216836ms T_VideoServices heckAliveVideoTask - 3. Check video hiDAdI0ppIg [385] 
INFO  20150821 15:41:47,593 [7]  1065ms Global          BackgroundRunning  - 1 Loop to do task [79] 
INFO  20150821 15:41:47,602 [7]  1074ms Global          CheckAliveVideo    - 2 CheckVideo [117] 
INFO  20150821 15:41:47,769 [7]  1241ms T_VideoServices heckAliveVideoTask - 3. Check video hiDAdI0ppIg [385] 
INFO  20150821 15:41:48,280 [7]  1752ms T_VideoServices heckAliveVideoTask - 3. Check video QwF4P6V3dK4 [385] 
INFO  20150821 15:41:48,481 [7]  1953ms T_VideoServices heckAliveVideoTask - 3. Check video QWBBCO5cFVM [385] 
INFO  20150821 15:41:48,688 [7]  2160ms T_VideoServices heckAliveVideoTask - 3. Check video Vmr_IFA3WE8 [385] 
INFO  20150821 15:41:48,905 [7]  2377ms T_VideoServices heckAliveVideoTask - 3. Check video i_0jx-WkKcg [385] 
INFO  20150821 15:51:49,111 [7] 602582ms Global          BackgroundRunning  - 1 Loop to do task [79] 
INFO  20150821 15:51:49,111 [7] 602582ms Global          CheckAliveVideo    - 2 CheckVideo [117] 
INFO  20150821 15:51:49,167 [7] 602638ms T_VideoServices heckAliveVideoTask - 3. Check video i_0jx-WkKcg [385] 
INFO  20150821 15:51:49,513 [7] 602984ms T_VideoServices heckAliveVideoTask - 3. Check video Vmr_IFA3WE8 [385] 
INFO  20150821 15:51:49,731 [7] 603202ms T_VideoServices heckAliveVideoTask - 3. Check video QWBBCO5cFVM [385] 
INFO  20150821 15:51:49,957 [7] 603428ms T_VideoServices heckAliveVideoTask - 3. Check video QwF4P6V3dK4 [385] 
INFO  20150821 15:51:50,164 [7] 603635ms T_VideoServices heckAliveVideoTask - 3. Check video hiDAdI0ppIg [385] 
INFO  20150821 16:01:50,406 [7] 1203877ms Global          BackgroundRunning  - 1 Loop to do task [79] 
INFO  20150821 16:01:50,407 [7] 1203878ms Global          CheckAliveVideo    - 2 CheckVideo [117] 
INFO  20150821 16:01:50,474 [7] 1203945ms T_VideoServices heckAliveVideoTask - 3. Check video hiDAdI0ppIg [385] 
INFO  20150821 16:01:50,720 [7] 1204191ms T_VideoServices heckAliveVideoTask - 3. Check video QwF4P6V3dK4 [385] 
INFO  20150821 16:01:50,927 [7] 1204398ms T_VideoServices heckAliveVideoTask - 3. Check video QWBBCO5cFVM [385] 
INFO  20150821 16:01:51,162 [7] 1204633ms T_VideoServices heckAliveVideoTask - 3. Check video Vmr_IFA3WE8 [385] 
INFO  20150821 16:01:51,376 [7] 1204847ms T_VideoServices heckAliveVideoTask - 3. Check video i_0jx-WkKcg [385] 
INFO  20150821 16:11:51,611 [7] 1805082ms Global          BackgroundRunning  - 1 Loop to do task [79] 
INFO  20150821 16:11:51,612 [7] 1805083ms Global          CheckAliveVideo    - 2 CheckVideo [117] 
INFO  20150821 16:11:51,704 [7] 1805175ms T_VideoServices heckAliveVideoTask - 3. Check video i_0jx-WkKcg [385] 
INFO  20150821 16:11:52,059 [7] 1805530ms T_VideoServices heckAliveVideoTask - 3. Check video Vmr_IFA3WE8 [385] 
INFO  20150821 16:11:52,264 [7] 1805735ms T_VideoServices heckAliveVideoTask - 3. Check video QWBBCO5cFVM [385] 
INFO  20150821 16:11:52,462 [7] 1805933ms T_VideoServices heckAliveVideoTask - 3. Check video QwF4P6V3dK4 [385] 
INFO  20150821 16:11:52,664 [7] 1806135ms T_VideoServices heckAliveVideoTask - 3. Check video hiDAdI0ppIg [385] 
INFO  20150821 16:21:52,864 [7] 2406335ms Global          BackgroundRunning  - 1 Loop to do task [79] 
INFO  20150821 16:21:52,873 [7] 2406344ms Global          FeedRelatedVideo   - 2 Feed related video [110] 
INFO  20150821 16:21:53,058 [7] 2406529ms T_VideoServices edRelatedVideoTask - 3. Feed related to video zecE84W35kQ [435] 
INFO  20150821 16:21:55,274 [7] 2408745ms T_VideoServices FeedRelatedVideo   - 4. Feed successful 31 video related to video zecE84W35kQ [423] 
INFO  20150821 16:21:55,275 [7] 2408746ms Global          CheckAliveVideo    - 2 CheckVideo [117] 
INFO  20150821 16:21:55,316 [7] 2408787ms T_VideoServices heckAliveVideoTask - 3. Check video r3D1grpaBRM [385] 
INFO  20150821 16:21:55,519 [7] 2408990ms T_VideoServices heckAliveVideoTask - 3. Check video rfdGuLwDhvM [385] 
INFO  20150821 16:21:55,729 [7] 2409200ms T_VideoServices heckAliveVideoTask - 3. Check video 20k1NXzf4SQ [385] 
INFO  20150821 16:21:55,933 [7] 2409404ms T_VideoServices heckAliveVideoTask - 3. Check video 3eIuAsdlJIo [385] 
INFO  20150821 16:21:56,159 [7] 2409630ms T_VideoServices heckAliveVideoTask - 3. Check video xE_cqbciq1g [385] 
INFO  20150821 16:31:56,361 [7] 3009833ms Global          BackgroundRunning  - 1 Loop to do task [79] 
INFO  20150821 16:31:56,363 [7] 3009835ms Global          CheckAliveVideo    - 2 CheckVideo [117] 
INFO  20150821 16:31:56,424 [7] 3009896ms T_VideoServices heckAliveVideoTask - 3. Check video xE_cqbciq1g [385] 
INFO  20150821 16:31:56,636 [7] 3010108ms T_VideoServices heckAliveVideoTask - 3. Check video 3eIuAsdlJIo [385] 
INFO  20150821 16:31:56,847 [7] 3010319ms T_VideoServices heckAliveVideoTask - 3. Check video 20k1NXzf4SQ [385] 
INFO  20150821 16:31:57,054 [7] 3010526ms T_VideoServices heckAliveVideoTask - 3. Check video rfdGuLwDhvM [385] 
INFO  20150821 16:31:57,270 [7] 3010742ms T_VideoServices heckAliveVideoTask - 3. Check video r3D1grpaBRM [385] 
INFO  20150821 16:41:57,481 [7] 3610952ms Global          BackgroundRunning  - 1 Loop to do task [79] 
INFO  20150821 16:41:57,481 [7] 3610952ms Global          CheckAliveVideo    - 2 CheckVideo [117] 
INFO  20150821 16:41:57,579 [7] 3611050ms T_VideoServices heckAliveVideoTask - 3. Check video r3D1grpaBRM [385] 
INFO  20150821 16:41:57,882 [7] 3611353ms T_VideoServices heckAliveVideoTask - 3. Check video rfdGuLwDhvM [385] 
INFO  20150821 16:41:58,089 [7] 3611560ms T_VideoServices heckAliveVideoTask - 3. Check video 20k1NXzf4SQ [385] 
INFO  20150821 16:41:58,295 [7] 3611766ms T_VideoServices heckAliveVideoTask - 3. Check video 3eIuAsdlJIo [385] 
INFO  20150821 16:41:58,507 [7] 3611978ms T_VideoServices heckAliveVideoTask - 3. Check video xE_cqbciq1g [385] 
INFO  20150821 16:51:58,706 [7] 4212177ms Global          BackgroundRunning  - 1 Loop to do task [79] 
INFO  20150821 16:51:58,707 [7] 4212178ms Global          CheckAliveVideo    - 2 CheckVideo [117] 
INFO  20150821 16:51:58,768 [7] 4212239ms T_VideoServices heckAliveVideoTask - 3. Check video xE_cqbciq1g [385] 
INFO  20150821 16:51:59,091 [7] 4212562ms T_VideoServices heckAliveVideoTask - 3. Check video 3eIuAsdlJIo [385] 
INFO  20150821 16:51:59,311 [7] 4212782ms T_VideoServices heckAliveVideoTask - 3. Check video 20k1NXzf4SQ [385] 
INFO  20150821 16:51:59,627 [7] 4213098ms T_VideoServices heckAliveVideoTask - 3. Check video rfdGuLwDhvM [385] 
INFO  20150821 16:51:59,871 [7] 4213342ms T_VideoServices heckAliveVideoTask - 3. Check video r3D1grpaBRM [385] 
