INFO  20150818 09:06:18,604 [13] 11787ms Global          BackgroundRunning  - 1 Loop to do task [78] 
INFO  20150818 09:06:18,765 [13] 11948ms Global          CheckAliveVideo    - 2 CheckVideo [114] 
INFO  20150818 09:06:19,788 [13] 12971ms T_VideoServices heckAliveVideoTask - 3. Check video rVbdXDG34AM [365] 
INFO  20150818 09:06:22,216 [13] 15399ms T_VideoServices heckAliveVideoTask - 3. Check video H2_em_NG4pA [365] 
INFO  20150818 09:06:22,517 [13] 15700ms T_VideoServices heckAliveVideoTask - 3. Check video diJ03xy3irE [365] 
INFO  20150818 09:06:22,737 [13] 15920ms T_VideoServices heckAliveVideoTask - 3. Check video pxjYtlYEkBA [365] 
INFO  20150818 09:06:23,000 [13] 16183ms T_VideoServices heckAliveVideoTask - 3. Check video 64haF0pmjiE [365] 
INFO  20150818 09:06:23,245 [13] 16428ms Global          FeedRelatedVideo   - 2 Feed related video [107] 
INFO  20150818 09:07:58,355 [10] 14933ms Global          BackgroundRunning  - 1 Loop to do task [78] 
INFO  20150818 09:07:58,495 [10] 15073ms Global          CheckAliveVideo    - 2 CheckVideo [114] 
INFO  20150818 09:08:00,405 [10] 16983ms T_VideoServices heckAliveVideoTask - 3. Check video 64haF0pmjiE [365] 
INFO  20150818 09:08:04,604 [10] 21182ms T_VideoServices heckAliveVideoTask - 3. Check video pxjYtlYEkBA [365] 
INFO  20150818 09:08:04,912 [10] 21490ms T_VideoServices heckAliveVideoTask - 3. Check video diJ03xy3irE [365] 
INFO  20150818 09:08:05,142 [10] 21720ms T_VideoServices heckAliveVideoTask - 3. Check video H2_em_NG4pA [365] 
INFO  20150818 09:08:05,374 [10] 21952ms T_VideoServices heckAliveVideoTask - 3. Check video rVbdXDG34AM [365] 
INFO  20150818 09:08:05,618 [10] 22196ms Global          FeedRelatedVideo   - 2 Feed related video [107] 
INFO  20150818 09:08:06,650 [10] 23228ms T_VideoServices edRelatedVideoTask - 3. Feed related to video TVUND89YHUo [415] 
INFO  20150818 09:08:10,836 [10] 27414ms T_VideoServices FeedRelatedVideo   - 4. Feed successful 29 video related to video TVUND89YHUo [402] 
INFO  20150818 09:09:10,840 [10] 87418ms Global          BackgroundRunning  - 1 Loop to do task [78] 
INFO  20150818 09:09:10,841 [10] 87419ms Global          CheckAliveVideo    - 2 CheckVideo [114] 
INFO  20150818 09:09:11,044 [10] 87622ms T_VideoServices heckAliveVideoTask - 3. Check video 3hHp8tpTlk4 [365] 
INFO  20150818 09:09:11,289 [10] 87867ms T_VideoServices heckAliveVideoTask - 3. Check video nI4BONChXu4 [365] 
INFO  20150818 09:09:11,504 [10] 88082ms T_VideoServices heckAliveVideoTask - 3. Check video u-ir31YHXYA [365] 
INFO  20150818 09:09:11,715 [10] 88293ms T_VideoServices heckAliveVideoTask - 3. Check video co4Ak3uYmII [365] 
INFO  20150818 09:09:11,931 [10] 88509ms T_VideoServices heckAliveVideoTask - 3. Check video CKMQvkhdQ8E [365] 
INFO  20150818 09:09:12,151 [10] 88729ms Global          FeedRelatedVideo   - 2 Feed related video [107] 
INFO  20150818 09:09:12,205 [10] 88783ms T_VideoServices edRelatedVideoTask - 3. Feed related to video _nJ3l8KVlzU [415] 
INFO  20150818 09:09:14,625 [10] 91203ms T_VideoServices FeedRelatedVideo   - 4. Feed successful 26 video related to video _nJ3l8KVlzU [402] 
INFO  20150818 09:10:14,625 [10] 151203ms Global          BackgroundRunning  - 1 Loop to do task [78] 
INFO  20150818 09:10:14,626 [10] 151204ms Global          CheckAliveVideo    - 2 CheckVideo [114] 
INFO  20150818 09:10:14,706 [10] 151284ms T_VideoServices heckAliveVideoTask - 3. Check video hUZ1fJ4hWoc [365] 
INFO  20150818 09:10:14,944 [10] 151522ms T_VideoServices heckAliveVideoTask - 3. Check video 86jS-1pybE0 [365] 
INFO  20150818 09:10:15,163 [10] 151741ms T_VideoServices heckAliveVideoTask - 3. Check video nZe0utvquA0 [365] 
INFO  20150818 09:10:15,397 [10] 151975ms T_VideoServices heckAliveVideoTask - 3. Check video HYxmrf7BpD4 [365] 
INFO  20150818 09:10:15,657 [10] 152235ms T_VideoServices heckAliveVideoTask - 3. Check video YuHkAl2zKts [365] 
INFO  20150818 09:10:15,898 [10] 152476ms Global          FeedRelatedVideo   - 2 Feed related video [107] 
INFO  20150818 09:10:15,954 [10] 152532ms T_VideoServices edRelatedVideoTask - 3. Feed related to video fZh_FXvaipI [415] 
INFO  20150818 09:13:15,817 [6]  4742ms Global          BackgroundRunning  - 1 Loop to do task [78] 
INFO  20150818 09:13:15,876 [6]  4801ms Global          CheckAliveVideo    - 2 CheckVideo [114] 
INFO  20150818 09:13:16,173 [6]  5098ms T_VideoServices heckAliveVideoTask - 3. Check video YuHkAl2zKts [365] 
INFO  20150818 09:13:17,002 [6]  5927ms T_VideoServices heckAliveVideoTask - 3. Check video HYxmrf7BpD4 [365] 
INFO  20150818 09:13:17,203 [6]  6128ms T_VideoServices heckAliveVideoTask - 3. Check video nZe0utvquA0 [365] 
INFO  20150818 09:13:17,401 [6]  6326ms T_VideoServices heckAliveVideoTask - 3. Check video 86jS-1pybE0 [365] 
INFO  20150818 09:13:17,630 [6]  6555ms T_VideoServices heckAliveVideoTask - 3. Check video hUZ1fJ4hWoc [365] 
INFO  20150818 09:13:17,831 [6]  6756ms Global          FeedRelatedVideo   - 2 Feed related video [107] 
INFO  20150818 09:13:17,876 [6]  6801ms T_VideoServices edRelatedVideoTask - 3. Feed related to video fZh_FXvaipI [415] 
INFO  20150818 09:13:18,993 [6]  7918ms T_VideoServices FeedRelatedVideo   - 4. Feed successful 21 video related to video fZh_FXvaipI [402] 
INFO  20150818 09:14:18,993 [6] 67918ms Global          BackgroundRunning  - 1 Loop to do task [78] 
INFO  20150818 09:14:18,993 [6] 67918ms Global          CheckAliveVideo    - 2 CheckVideo [114] 
INFO  20150818 09:14:19,049 [6] 67974ms T_VideoServices heckAliveVideoTask - 3. Check video ARXtHibiLxQ [365] 
INFO  20150818 09:14:19,269 [6] 68194ms T_VideoServices heckAliveVideoTask - 3. Check video AU8Qfkmj2Dc [365] 
INFO  20150818 09:14:19,492 [6] 68417ms T_VideoServices heckAliveVideoTask - 3. Check video q3Qa7L2uJTA [365] 
INFO  20150818 09:14:19,693 [6] 68618ms T_VideoServices heckAliveVideoTask - 3. Check video 8Wl59BkzluM [365] 
INFO  20150818 09:14:19,894 [6] 68819ms T_VideoServices heckAliveVideoTask - 3. Check video Okza-rV-zjI [365] 
INFO  20150818 09:14:20,103 [6] 69028ms Global          FeedRelatedVideo   - 2 Feed related video [107] 
INFO  20150818 09:14:20,143 [6] 69068ms T_VideoServices edRelatedVideoTask - 3. Feed related to video tqc2l4Hefnc [415] 
INFO  20150818 09:14:21,591 [6] 70517ms T_VideoServices FeedRelatedVideo   - 4. Feed successful 43 video related to video tqc2l4Hefnc [402] 
INFO  20150818 09:15:21,593 [6] 130518ms Global          BackgroundRunning  - 1 Loop to do task [78] 
INFO  20150818 09:15:21,593 [6] 130518ms Global          CheckAliveVideo    - 2 CheckVideo [114] 
INFO  20150818 09:15:21,652 [6] 130577ms T_VideoServices heckAliveVideoTask - 3. Check video R6tHX6fMwgw [365] 
INFO  20150818 09:15:21,861 [6] 130786ms T_VideoServices heckAliveVideoTask - 3. Check video L2RFDBrmgAw [365] 
INFO  20150818 09:15:22,062 [6] 130987ms T_VideoServices heckAliveVideoTask - 3. Check video wv62OpiicM4 [365] 
INFO  20150818 09:15:22,267 [6] 131192ms T_VideoServices heckAliveVideoTask - 3. Check video VH81nqDi4TQ [365] 
INFO  20150818 09:15:22,469 [6] 131394ms T_VideoServices heckAliveVideoTask - 3. Check video DR-cfDsHCGA [365] 
INFO  20150818 09:15:22,681 [6] 131606ms Global          FeedRelatedVideo   - 2 Feed related video [107] 
INFO  20150818 09:15:22,724 [6] 131649ms T_VideoServices edRelatedVideoTask - 3. Feed related to video iad0Ne8LqUY [415] 
INFO  20150818 09:15:24,080 [6] 133005ms T_VideoServices FeedRelatedVideo   - 4. Feed successful 21 video related to video iad0Ne8LqUY [402] 
INFO  20150818 09:16:24,080 [6] 193006ms Global          BackgroundRunning  - 1 Loop to do task [78] 
INFO  20150818 09:16:24,080 [6] 193006ms Global          CheckAliveVideo    - 2 CheckVideo [114] 
INFO  20150818 09:16:24,150 [6] 193076ms T_VideoServices heckAliveVideoTask - 3. Check video cKu2E9LcMNM [365] 
INFO  20150818 09:16:24,370 [6] 193296ms T_VideoServices heckAliveVideoTask - 3. Check video gG2dLWn1OtI [365] 
INFO  20150818 09:16:24,597 [6] 193523ms T_VideoServices heckAliveVideoTask - 3. Check video c6exJpfVGd0 [365] 
INFO  20150818 09:16:24,815 [6] 193741ms T_VideoServices heckAliveVideoTask - 3. Check video VUbD2xVIfQI [365] 
INFO  20150818 09:16:25,013 [6] 193939ms T_VideoServices heckAliveVideoTask - 3. Check video xc__gj9Lm2A [365] 
INFO  20150818 09:16:25,212 [6] 194138ms Global          FeedRelatedVideo   - 2 Feed related video [107] 
INFO  20150818 09:16:25,255 [6] 194181ms T_VideoServices edRelatedVideoTask - 3. Feed related to video 3V8LrKK95Rw [415] 
INFO  20150818 09:16:26,677 [6] 195603ms T_VideoServices FeedRelatedVideo   - 4. Feed successful 36 video related to video 3V8LrKK95Rw [402] 
INFO  20150818 09:17:26,679 [6] 255604ms Global          BackgroundRunning  - 1 Loop to do task [78] 
INFO  20150818 09:17:26,679 [6] 255604ms Global          CheckAliveVideo    - 2 CheckVideo [114] 
INFO  20150818 09:17:26,738 [6] 255663ms T_VideoServices heckAliveVideoTask - 3. Check video ESwuxxbnh7s [365] 
INFO  20150818 09:17:26,940 [6] 255865ms T_VideoServices heckAliveVideoTask - 3. Check video jKy4sLAgfkM [365] 
INFO  20150818 09:17:27,140 [6] 256065ms T_VideoServices heckAliveVideoTask - 3. Check video iWA5cRk2ZSI [365] 
INFO  20150818 09:17:27,352 [6] 256277ms T_VideoServices heckAliveVideoTask - 3. Check video oUDz1j_CX5k [365] 
INFO  20150818 09:17:27,556 [6] 256481ms T_VideoServices heckAliveVideoTask - 3. Check video sN5gxOvsCUE [365] 
INFO  20150818 09:17:27,760 [6] 256685ms Global          FeedRelatedVideo   - 2 Feed related video [107] 
INFO  20150818 09:17:27,804 [6] 256729ms T_VideoServices edRelatedVideoTask - 3. Feed related to video f0jPHd_5tf0 [415] 
INFO  20150818 09:17:28,407 [6] 257332ms T_VideoServices FeedRelatedVideo   - 4. Feed successful 12 video related to video f0jPHd_5tf0 [402] 
INFO  20150818 09:18:28,408 [6] 317334ms Global          BackgroundRunning  - 1 Loop to do task [78] 
INFO  20150818 09:18:28,408 [6] 317334ms Global          CheckAliveVideo    - 2 CheckVideo [114] 
INFO  20150818 09:18:28,476 [6] 317402ms T_VideoServices heckAliveVideoTask - 3. Check video 9uHkH0Xt9mk [365] 
INFO  20150818 09:18:28,707 [6] 317633ms T_VideoServices heckAliveVideoTask - 3. Check video lLKKVW5EpJY [365] 
INFO  20150818 09:18:28,911 [6] 317837ms T_VideoServices heckAliveVideoTask - 3. Check video FP96rydyPHE [365] 
INFO  20150818 09:18:29,138 [6] 318064ms T_VideoServices heckAliveVideoTask - 3. Check video O81oAuQsqWQ [365] 
INFO  20150818 09:18:29,390 [6] 318316ms T_VideoServices heckAliveVideoTask - 3. Check video pHZ8yn6Yv1A [365] 
INFO  20150818 09:18:29,608 [6] 318534ms Global          FeedRelatedVideo   - 2 Feed related video [107] 
INFO  20150818 09:18:29,652 [6] 318578ms T_VideoServices edRelatedVideoTask - 3. Feed related to video QovVuLNqVSY [415] 
INFO  20150818 09:18:30,836 [6] 319761ms T_VideoServices FeedRelatedVideo   - 4. Feed successful 15 video related to video QovVuLNqVSY [402] 
INFO  20150818 09:19:30,837 [6] 379762ms Global          BackgroundRunning  - 1 Loop to do task [78] 
INFO  20150818 09:19:30,837 [6] 379762ms Global          CheckAliveVideo    - 2 CheckVideo [114] 
INFO  20150818 09:19:30,896 [6] 379821ms T_VideoServices heckAliveVideoTask - 3. Check video syDIP5ch08g [365] 
INFO  20150818 09:19:31,093 [6] 380018ms T_VideoServices heckAliveVideoTask - 3. Check video tNiYZkH6jkU [365] 
INFO  20150818 09:19:31,294 [6] 380219ms T_VideoServices heckAliveVideoTask - 3. Check video fZx7zBmOckM [365] 
INFO  20150818 09:19:31,484 [6] 380409ms T_VideoServices heckAliveVideoTask - 3. Check video SDziATv2BVI [365] 
INFO  20150818 09:19:31,689 [6] 380614ms T_VideoServices heckAliveVideoTask - 3. Check video OPHZNGfSrhI [365] 
INFO  20150818 09:19:31,891 [6] 380816ms Global          FeedRelatedVideo   - 2 Feed related video [107] 
INFO  20150818 09:19:31,964 [6] 380889ms T_VideoServices edRelatedVideoTask - 3. Feed related to video 4Yq0hFXiStg [415] 
INFO  20150818 09:19:33,218 [6] 382143ms T_VideoServices FeedRelatedVideo   - 4. Feed successful 27 video related to video 4Yq0hFXiStg [402] 
INFO  20150818 09:20:33,219 [6] 442144ms Global          BackgroundRunning  - 1 Loop to do task [78] 
INFO  20150818 09:20:33,219 [6] 442144ms Global          CheckAliveVideo    - 2 CheckVideo [114] 
INFO  20150818 09:20:33,286 [6] 442211ms T_VideoServices heckAliveVideoTask - 3. Check video 2uwKaPAkqFw [365] 
INFO  20150818 09:20:33,488 [6] 442413ms T_VideoServices heckAliveVideoTask - 3. Check video rgEkwCjaUj4 [365] 
INFO  20150818 09:20:33,723 [6] 442648ms T_VideoServices heckAliveVideoTask - 3. Check video ucmXuuRUe-o [365] 
INFO  20150818 09:20:33,924 [6] 442849ms T_VideoServices heckAliveVideoTask - 3. Check video 5PGVNn5kv9M [365] 
INFO  20150818 09:20:34,142 [6] 443067ms T_VideoServices heckAliveVideoTask - 3. Check video Nw31vDJ0jW0 [365] 
INFO  20150818 09:20:34,347 [6] 443272ms Global          FeedRelatedVideo   - 2 Feed related video [107] 
INFO  20150818 09:20:34,389 [6] 443314ms T_VideoServices edRelatedVideoTask - 3. Feed related to video PQYTOBsQdSE [415] 
INFO  20150818 09:20:35,627 [6] 444552ms T_VideoServices FeedRelatedVideo   - 4. Feed successful 29 video related to video PQYTOBsQdSE [402] 
INFO  20150818 09:21:35,628 [6] 504553ms Global          BackgroundRunning  - 1 Loop to do task [78] 
INFO  20150818 09:21:35,628 [6] 504553ms Global          CheckAliveVideo    - 2 CheckVideo [114] 
INFO  20150818 09:21:35,690 [6] 504615ms T_VideoServices heckAliveVideoTask - 3. Check video xvZ05uGGAEU [365] 
INFO  20150818 09:21:36,026 [6] 504951ms T_VideoServices heckAliveVideoTask - 3. Check video NbkWBFhU9uo [365] 
INFO  20150818 09:21:36,238 [6] 505163ms T_VideoServices heckAliveVideoTask - 3. Check video JxYNKCtiFC8 [365] 
INFO  20150818 09:21:36,442 [6] 505367ms T_VideoServices heckAliveVideoTask - 3. Check video MxApt3gR3wA [365] 
INFO  20150818 09:21:36,789 [6] 505714ms T_VideoServices heckAliveVideoTask - 3. Check video QmvleyVZxM8 [365] 
INFO  20150818 09:21:37,015 [6] 505940ms Global          FeedRelatedVideo   - 2 Feed related video [107] 
INFO  20150818 09:21:37,056 [6] 505981ms T_VideoServices edRelatedVideoTask - 3. Feed related to video 7Sw3fPRSHSA [415] 
INFO  20150818 09:21:37,979 [6] 506904ms T_VideoServices FeedRelatedVideo   - 4. Feed successful 25 video related to video 7Sw3fPRSHSA [402] 
INFO  20150818 09:22:37,981 [6] 566906ms Global          BackgroundRunning  - 1 Loop to do task [78] 
INFO  20150818 09:22:37,981 [6] 566906ms Global          CheckAliveVideo    - 2 CheckVideo [114] 
INFO  20150818 09:22:38,037 [6] 566962ms T_VideoServices heckAliveVideoTask - 3. Check video azgKBkDGWDk [365] 
INFO  20150818 09:22:38,267 [6] 567192ms T_VideoServices heckAliveVideoTask - 3. Check video Pk6Aw3y2hz0 [365] 
INFO  20150818 09:22:38,477 [6] 567402ms T_VideoServices heckAliveVideoTask - 3. Check video 350Vi-OISnM [365] 
INFO  20150818 09:22:38,686 [6] 567611ms T_VideoServices heckAliveVideoTask - 3. Check video suPzPw_xgHs [365] 
INFO  20150818 09:22:38,899 [6] 567824ms T_VideoServices heckAliveVideoTask - 3. Check video 944gUvcJimA [365] 
INFO  20150818 09:22:39,119 [6] 568044ms Global          FeedRelatedVideo   - 2 Feed related video [107] 
INFO  20150818 09:22:39,162 [6] 568087ms T_VideoServices edRelatedVideoTask - 3. Feed related to video VlgjT44sYwA [415] 
INFO  20150818 09:22:39,916 [6] 568841ms T_VideoServices FeedRelatedVideo   - 4. Feed successful 21 video related to video VlgjT44sYwA [402] 
INFO  20150818 09:23:39,916 [6] 628841ms Global          BackgroundRunning  - 1 Loop to do task [78] 
INFO  20150818 09:23:39,916 [6] 628841ms Global          CheckAliveVideo    - 2 CheckVideo [114] 
INFO  20150818 09:23:39,979 [6] 628904ms T_VideoServices heckAliveVideoTask - 3. Check video ZBuebS7C6eE [365] 
INFO  20150818 09:23:40,200 [6] 629125ms T_VideoServices heckAliveVideoTask - 3. Check video v_6KuYtc0Z8 [365] 
INFO  20150818 09:23:40,456 [6] 629381ms T_VideoServices heckAliveVideoTask - 3. Check video p5g3qnmBjxk [365] 
INFO  20150818 09:23:40,666 [6] 629592ms T_VideoServices heckAliveVideoTask - 3. Check video lS_ubz6Sa9c [365] 
INFO  20150818 09:23:40,872 [6] 629798ms T_VideoServices heckAliveVideoTask - 3. Check video 3AClkUpTmXM [365] 
INFO  20150818 09:23:41,076 [6] 630002ms Global          FeedRelatedVideo   - 2 Feed related video [107] 
INFO  20150818 09:23:41,120 [6] 630046ms T_VideoServices edRelatedVideoTask - 3. Feed related to video bOLBUjcvy74 [415] 
INFO  20150818 09:23:42,089 [6] 631015ms T_VideoServices FeedRelatedVideo   - 4. Feed successful 20 video related to video bOLBUjcvy74 [402] 
INFO  20150818 09:24:42,090 [6] 691015ms Global          BackgroundRunning  - 1 Loop to do task [78] 
INFO  20150818 09:24:42,090 [6] 691015ms Global          CheckAliveVideo    - 2 CheckVideo [114] 
INFO  20150818 09:24:42,146 [6] 691071ms T_VideoServices heckAliveVideoTask - 3. Check video JXJ9t4tLrys [365] 
INFO  20150818 09:24:42,362 [6] 691287ms T_VideoServices heckAliveVideoTask - 3. Check video -qEkzsBmZB4 [365] 
INFO  20150818 09:24:42,572 [6] 691497ms T_VideoServices heckAliveVideoTask - 3. Check video Ton6BZDIESY [365] 
INFO  20150818 09:24:42,779 [6] 691704ms T_VideoServices heckAliveVideoTask - 3. Check video W_xwv-aWqos [365] 
INFO  20150818 09:24:42,986 [6] 691911ms T_VideoServices heckAliveVideoTask - 3. Check video Y51ilFxVfys [365] 
INFO  20150818 09:24:43,193 [6] 692118ms Global          FeedRelatedVideo   - 2 Feed related video [107] 
INFO  20150818 09:24:43,236 [6] 692161ms T_VideoServices edRelatedVideoTask - 3. Feed related to video Wn6TPVb24DA [415] 
INFO  20150818 09:24:44,517 [6] 693442ms T_VideoServices FeedRelatedVideo   - 4. Feed successful 34 video related to video Wn6TPVb24DA [402] 
INFO  20150818 09:25:44,517 [6] 753443ms Global          BackgroundRunning  - 1 Loop to do task [78] 
INFO  20150818 09:25:44,517 [6] 753443ms Global          CheckAliveVideo    - 2 CheckVideo [114] 
INFO  20150818 09:25:44,576 [6] 753502ms T_VideoServices heckAliveVideoTask - 3. Check video 6y3mIUGnd5g [365] 
INFO  20150818 09:25:44,847 [6] 753773ms T_VideoServices heckAliveVideoTask - 3. Check video t8F277vozNc [365] 
INFO  20150818 09:25:45,048 [6] 753974ms T_VideoServices heckAliveVideoTask - 3. Check video -9BzWBufH1s [365] 
INFO  20150818 09:25:45,256 [6] 754182ms T_VideoServices heckAliveVideoTask - 3. Check video fXDCPt5I0jY [365] 
INFO  20150818 09:25:45,463 [6] 754389ms T_VideoServices heckAliveVideoTask - 3. Check video d7klXv1KoBM [365] 
INFO  20150818 09:25:45,661 [6] 754587ms Global          FeedRelatedVideo   - 2 Feed related video [107] 
INFO  20150818 09:25:45,707 [6] 754633ms T_VideoServices edRelatedVideoTask - 3. Feed related to video TkXL_NoZljk [415] 
INFO  20150818 09:25:46,976 [6] 755902ms T_VideoServices FeedRelatedVideo   - 4. Feed successful 23 video related to video TkXL_NoZljk [402] 
INFO  20150818 09:26:46,978 [6] 815903ms Global          BackgroundRunning  - 1 Loop to do task [78] 
INFO  20150818 09:26:46,978 [6] 815903ms Global          CheckAliveVideo    - 2 CheckVideo [114] 
INFO  20150818 09:26:47,036 [6] 815961ms T_VideoServices heckAliveVideoTask - 3. Check video oZwoI_BRadQ [365] 
INFO  20150818 09:26:47,248 [6] 816173ms T_VideoServices heckAliveVideoTask - 3. Check video r1oyvbkRpb4 [365] 
INFO  20150818 09:26:47,448 [6] 816373ms T_VideoServices heckAliveVideoTask - 3. Check video NdxiEti1Bb4 [365] 
INFO  20150818 09:26:47,668 [6] 816593ms T_VideoServices heckAliveVideoTask - 3. Check video 4iWPSIY7CtM [365] 
INFO  20150818 09:26:47,901 [6] 816826ms T_VideoServices heckAliveVideoTask - 3. Check video nT3cNFEIyXo [365] 
INFO  20150818 09:26:48,134 [6] 817059ms Global          FeedRelatedVideo   - 2 Feed related video [107] 
INFO  20150818 09:26:48,176 [6] 817101ms T_VideoServices edRelatedVideoTask - 3. Feed related to video SZX_fIR18XU [415] 
INFO  20150818 09:26:49,350 [6] 818275ms T_VideoServices FeedRelatedVideo   - 4. Feed successful 20 video related to video SZX_fIR18XU [402] 
INFO  20150818 09:32:12,334 [17]  7306ms Global          BackgroundRunning  - 1 Loop to do task [78] 
INFO  20150818 09:32:12,350 [17]  7322ms Global          CheckAliveVideo    - 2 CheckVideo [116] 
INFO  20150818 09:32:12,553 [17]  7525ms T_VideoServices heckAliveVideoTask - 3. Check video vj9gpwTv-yc [372] 
INFO  20150818 09:32:13,111 [17]  8083ms T_VideoServices heckAliveVideoTask - 3. Check video HcVnslDzSFg [372] 
INFO  20150818 09:32:13,322 [17]  8294ms T_VideoServices heckAliveVideoTask - 3. Check video jNvIhgYFBes [372] 
INFO  20150818 09:32:13,556 [17]  8528ms T_VideoServices heckAliveVideoTask - 3. Check video a8Hv0XSPDMU [372] 
INFO  20150818 09:32:13,802 [17]  8774ms T_VideoServices heckAliveVideoTask - 3. Check video o9DW-WLBq_8 [372] 
INFO  20150818 09:42:14,022 [17] 608994ms Global          BackgroundRunning  - 1 Loop to do task [78] 
INFO  20150818 09:42:14,023 [17] 608995ms Global          CheckAliveVideo    - 2 CheckVideo [116] 
INFO  20150818 09:42:14,260 [17] 609232ms T_VideoServices heckAliveVideoTask - 3. Check video a8Hv0XSPDMU [372] 
INFO  20150818 09:42:14,501 [17] 609473ms T_VideoServices heckAliveVideoTask - 3. Check video jNvIhgYFBes [372] 
INFO  20150818 09:42:14,704 [17] 609676ms T_VideoServices heckAliveVideoTask - 3. Check video HcVnslDzSFg [372] 
INFO  20150818 09:42:14,909 [17] 609881ms T_VideoServices heckAliveVideoTask - 3. Check video vj9gpwTv-yc [372] 
INFO  20150818 09:42:15,116 [17] 610088ms T_VideoServices heckAliveVideoTask - 3. Check video weDwZwAMIaw [372] 
INFO  20150818 09:52:15,320 [17] 1210293ms Global          BackgroundRunning  - 1 Loop to do task [78] 
INFO  20150818 09:52:15,321 [17] 1210294ms Global          CheckAliveVideo    - 2 CheckVideo [116] 
INFO  20150818 09:52:15,417 [17] 1210390ms T_VideoServices heckAliveVideoTask - 3. Check video weDwZwAMIaw [372] 
INFO  20150818 09:52:15,725 [17] 1210698ms T_VideoServices heckAliveVideoTask - 3. Check video vj9gpwTv-yc [372] 
INFO  20150818 09:52:15,943 [17] 1210916ms T_VideoServices heckAliveVideoTask - 3. Check video HcVnslDzSFg [372] 
INFO  20150818 09:52:16,149 [17] 1211122ms T_VideoServices heckAliveVideoTask - 3. Check video jNvIhgYFBes [372] 
INFO  20150818 09:52:16,354 [17] 1211327ms T_VideoServices heckAliveVideoTask - 3. Check video a8Hv0XSPDMU [372] 
INFO  20150818 10:43:28,075 [6]  3614ms Global          BackgroundRunning  - 1 Loop to do task [78] 
INFO  20150818 10:43:28,200 [6]  3739ms Global          CheckAliveVideo    - 2 CheckVideo [116] 
INFO  20150818 10:43:28,666 [6]  4205ms T_VideoServices heckAliveVideoTask - 3. Check video a8Hv0XSPDMU [372] 
INFO  20150818 10:43:31,330 [6]  6869ms T_VideoServices heckAliveVideoTask - 3. Check video jNvIhgYFBes [372] 
INFO  20150818 10:43:31,587 [6]  7126ms T_VideoServices heckAliveVideoTask - 3. Check video HcVnslDzSFg [372] 
INFO  20150818 10:43:31,792 [6]  7331ms T_VideoServices heckAliveVideoTask - 3. Check video vj9gpwTv-yc [372] 
INFO  20150818 10:43:32,001 [6]  7540ms T_VideoServices heckAliveVideoTask - 3. Check video weDwZwAMIaw [372] 
INFO  20150818 10:59:25,192 [35]  1751ms Global          BackgroundRunning  - 1 Loop to do task [78] 
INFO  20150818 10:59:25,246 [35]  1805ms Global          CheckAliveVideo    - 2 CheckVideo [116] 
INFO  20150818 10:59:25,487 [35]  2046ms T_VideoServices heckAliveVideoTask - 3. Check video weDwZwAMIaw [372] 
INFO  20150818 10:59:26,058 [35]  2617ms T_VideoServices heckAliveVideoTask - 3. Check video vj9gpwTv-yc [372] 
INFO  20150818 10:59:26,254 [35]  2813ms T_VideoServices heckAliveVideoTask - 3. Check video HcVnslDzSFg [372] 
INFO  20150818 10:59:26,449 [35]  3008ms T_VideoServices heckAliveVideoTask - 3. Check video jNvIhgYFBes [372] 
INFO  20150818 10:59:26,665 [35]  3224ms T_VideoServices heckAliveVideoTask - 3. Check video a8Hv0XSPDMU [372] 
INFO  20150818 11:09:26,859 [35] 603418ms Global          BackgroundRunning  - 1 Loop to do task [78] 
INFO  20150818 11:09:26,861 [35] 603420ms Global          CheckAliveVideo    - 2 CheckVideo [116] 
INFO  20150818 11:09:26,931 [35] 603490ms T_VideoServices heckAliveVideoTask - 3. Check video a8Hv0XSPDMU [372] 
INFO  20150818 11:09:27,241 [35] 603800ms T_VideoServices heckAliveVideoTask - 3. Check video jNvIhgYFBes [372] 
INFO  20150818 11:09:27,439 [35] 603998ms T_VideoServices heckAliveVideoTask - 3. Check video HcVnslDzSFg [372] 
INFO  20150818 11:09:27,655 [35] 604214ms T_VideoServices heckAliveVideoTask - 3. Check video vj9gpwTv-yc [372] 
INFO  20150818 11:09:27,860 [35] 604419ms T_VideoServices heckAliveVideoTask - 3. Check video weDwZwAMIaw [372] 
INFO  20150818 11:19:28,321 [35] 1204879ms Global          BackgroundRunning  - 1 Loop to do task [78] 
INFO  20150818 11:19:28,321 [35] 1204879ms Global          CheckAliveVideo    - 2 CheckVideo [116] 
INFO  20150818 11:19:28,405 [35] 1204963ms T_VideoServices heckAliveVideoTask - 3. Check video weDwZwAMIaw [372] 
INFO  20150818 11:19:28,694 [35] 1205252ms T_VideoServices heckAliveVideoTask - 3. Check video vj9gpwTv-yc [372] 
INFO  20150818 11:19:28,896 [35] 1205454ms T_VideoServices heckAliveVideoTask - 3. Check video HcVnslDzSFg [372] 
INFO  20150818 11:19:29,094 [35] 1205652ms T_VideoServices heckAliveVideoTask - 3. Check video jNvIhgYFBes [372] 
INFO  20150818 11:19:29,296 [35] 1205854ms T_VideoServices heckAliveVideoTask - 3. Check video a8Hv0XSPDMU [372] 
INFO  20150818 13:44:09,490 [6]  3202ms Global          BackgroundRunning  - 1 Loop to do task [78] 
INFO  20150818 13:44:09,689 [6]  3401ms Global          CheckAliveVideo    - 2 CheckVideo [116] 
INFO  20150818 13:44:09,952 [6]  3664ms T_VideoServices heckAliveVideoTask - 3. Check video a8Hv0XSPDMU [372] 
INFO  20150818 13:44:10,661 [6]  4373ms T_VideoServices heckAliveVideoTask - 3. Check video jNvIhgYFBes [372] 
INFO  20150818 13:44:10,869 [6]  4581ms T_VideoServices heckAliveVideoTask - 3. Check video HcVnslDzSFg [372] 
INFO  20150818 13:44:11,077 [6]  4789ms T_VideoServices heckAliveVideoTask - 3. Check video vj9gpwTv-yc [372] 
INFO  20150818 13:44:11,288 [6]  5000ms T_VideoServices heckAliveVideoTask - 3. Check video weDwZwAMIaw [372] 
INFO  20150818 13:54:11,513 [6] 605224ms Global          BackgroundRunning  - 1 Loop to do task [78] 
INFO  20150818 13:54:11,514 [6] 605225ms Global          CheckAliveVideo    - 2 CheckVideo [116] 
INFO  20150818 13:54:11,575 [6] 605286ms T_VideoServices heckAliveVideoTask - 3. Check video weDwZwAMIaw [372] 
INFO  20150818 13:54:11,793 [6] 605504ms T_VideoServices heckAliveVideoTask - 3. Check video vj9gpwTv-yc [372] 
INFO  20150818 13:54:11,993 [6] 605704ms T_VideoServices heckAliveVideoTask - 3. Check video HcVnslDzSFg [372] 
INFO  20150818 13:54:12,191 [6] 605902ms T_VideoServices heckAliveVideoTask - 3. Check video jNvIhgYFBes [372] 
INFO  20150818 13:54:12,414 [6] 606125ms T_VideoServices heckAliveVideoTask - 3. Check video a8Hv0XSPDMU [372] 
INFO  20150818 14:04:12,618 [6] 1206329ms Global          BackgroundRunning  - 1 Loop to do task [78] 
INFO  20150818 14:04:12,620 [6] 1206331ms Global          CheckAliveVideo    - 2 CheckVideo [116] 
INFO  20150818 14:04:12,667 [6] 1206379ms T_VideoServices heckAliveVideoTask - 3. Check video a8Hv0XSPDMU [372] 
INFO  20150818 14:04:12,885 [6] 1206597ms T_VideoServices heckAliveVideoTask - 3. Check video jNvIhgYFBes [372] 
INFO  20150818 14:04:13,094 [6] 1206806ms T_VideoServices heckAliveVideoTask - 3. Check video HcVnslDzSFg [372] 
INFO  20150818 14:04:13,287 [6] 1206999ms T_VideoServices heckAliveVideoTask - 3. Check video vj9gpwTv-yc [372] 
INFO  20150818 14:04:13,492 [6] 1207204ms T_VideoServices heckAliveVideoTask - 3. Check video weDwZwAMIaw [372] 
INFO  20150818 14:14:02,040 [7] 1795751ms T_VideoServices FeedRelatedVideo   - 4. Feed successful 44 video related to video 11WA2xkl6CM [409] 
INFO  20150818 14:14:13,731 [6] 1807443ms Global          BackgroundRunning  - 1 Loop to do task [78] 
INFO  20150818 14:14:13,732 [6] 1807444ms Global          CheckAliveVideo    - 2 CheckVideo [116] 
INFO  20150818 14:14:13,796 [6] 1807508ms T_VideoServices heckAliveVideoTask - 3. Check video 11FHaP0MMnY [372] 
INFO  20150818 14:14:13,995 [6] 1807707ms T_VideoServices heckAliveVideoTask - 3. Check video xY12RmSblio [372] 
INFO  20150818 14:14:14,189 [6] 1807901ms T_VideoServices heckAliveVideoTask - 3. Check video GQ6JldKAClQ [372] 
INFO  20150818 14:14:14,422 [6] 1808134ms T_VideoServices heckAliveVideoTask - 3. Check video oD1F6eMfBiU [372] 
INFO  20150818 14:14:14,623 [6] 1808335ms T_VideoServices heckAliveVideoTask - 3. Check video upaXp3TVNks [372] 
INFO  20150818 14:28:53,399 [26] 35205ms Global          BackgroundRunning  - 1 Loop to do task [78] 
INFO  20150818 14:28:53,542 [26] 35348ms Global          CheckAliveVideo    - 2 CheckVideo [116] 
INFO  20150818 14:28:57,503 [26] 39309ms T_VideoServices heckAliveVideoTask - 3. Check video upaXp3TVNks [372] 
INFO  20150818 14:28:59,531 [26] 41337ms T_VideoServices heckAliveVideoTask - 3. Check video oD1F6eMfBiU [372] 
INFO  20150818 14:28:59,802 [26] 41608ms T_VideoServices heckAliveVideoTask - 3. Check video GQ6JldKAClQ [372] 
INFO  20150818 14:28:59,995 [26] 41801ms T_VideoServices heckAliveVideoTask - 3. Check video xY12RmSblio [372] 
INFO  20150818 14:29:00,208 [26] 42014ms T_VideoServices heckAliveVideoTask - 3. Check video 11FHaP0MMnY [372] 
INFO  20150818 14:39:00,526 [26] 642332ms Global          BackgroundRunning  - 1 Loop to do task [78] 
INFO  20150818 14:39:00,527 [26] 642333ms Global          CheckAliveVideo    - 2 CheckVideo [116] 
INFO  20150818 14:39:00,627 [26] 642433ms T_VideoServices heckAliveVideoTask - 3. Check video 11FHaP0MMnY [372] 
INFO  20150818 14:39:00,914 [26] 642720ms T_VideoServices heckAliveVideoTask - 3. Check video xY12RmSblio [372] 
INFO  20150818 14:39:01,115 [26] 642921ms T_VideoServices heckAliveVideoTask - 3. Check video GQ6JldKAClQ [372] 
INFO  20150818 14:39:01,336 [26] 643142ms T_VideoServices heckAliveVideoTask - 3. Check video oD1F6eMfBiU [372] 
INFO  20150818 14:39:01,595 [26] 643401ms T_VideoServices heckAliveVideoTask - 3. Check video upaXp3TVNks [372] 
INFO  20150818 14:44:41,378 [39] 983184ms T_VideoServices FeedRelatedVideo   - 4. Feed successful 49 video related to video 11FHaP0MMnY [409] 
INFO  20150818 14:49:01,869 [26] 1243675ms Global          BackgroundRunning  - 1 Loop to do task [78] 
INFO  20150818 14:49:01,870 [26] 1243676ms Global          CheckAliveVideo    - 2 CheckVideo [116] 
INFO  20150818 14:49:01,934 [26] 1243740ms T_VideoServices heckAliveVideoTask - 3. Check video i_0jx-WkKcg [372] 
INFO  20150818 14:49:02,141 [26] 1243947ms T_VideoServices heckAliveVideoTask - 3. Check video Vmr_IFA3WE8 [372] 
INFO  20150818 14:49:02,366 [26] 1244172ms T_VideoServices heckAliveVideoTask - 3. Check video QWBBCO5cFVM [372] 
INFO  20150818 14:49:02,563 [26] 1244369ms T_VideoServices heckAliveVideoTask - 3. Check video QwF4P6V3dK4 [372] 
INFO  20150818 14:49:02,765 [26] 1244571ms T_VideoServices heckAliveVideoTask - 3. Check video hiDAdI0ppIg [372] 
INFO  20150818 14:59:02,972 [26] 1844778ms Global          BackgroundRunning  - 1 Loop to do task [78] 
INFO  20150818 14:59:02,973 [26] 1844779ms Global          CheckAliveVideo    - 2 CheckVideo [116] 
INFO  20150818 14:59:03,030 [26] 1844836ms T_VideoServices heckAliveVideoTask - 3. Check video hiDAdI0ppIg [372] 
INFO  20150818 14:59:03,328 [26] 1845134ms T_VideoServices heckAliveVideoTask - 3. Check video QwF4P6V3dK4 [372] 
INFO  20150818 14:59:03,541 [26] 1845347ms T_VideoServices heckAliveVideoTask - 3. Check video QWBBCO5cFVM [372] 
INFO  20150818 14:59:03,752 [26] 1845558ms T_VideoServices heckAliveVideoTask - 3. Check video Vmr_IFA3WE8 [372] 
INFO  20150818 14:59:03,970 [26] 1845776ms T_VideoServices heckAliveVideoTask - 3. Check video i_0jx-WkKcg [372] 
